mode: atomic
github.com/katzenpost/katzenpost/replica/common/key.go:30.54,31.19 1 0
github.com/katzenpost/katzenpost/replica/common/key.go:31.19,32.38 1 0
github.com/katzenpost/katzenpost/replica/common/key.go:34.2,35.16 2 0
github.com/katzenpost/katzenpost/replica/common/key.go:35.16,36.13 1 0
github.com/katzenpost/katzenpost/replica/common/key.go:38.2,42.10 2 0
github.com/katzenpost/katzenpost/replica/common/key.go:46.99,50.47 3 0
github.com/katzenpost/katzenpost/replica/common/key.go:50.47,52.17 2 0
github.com/katzenpost/katzenpost/replica/common/key.go:52.17,54.4 1 0
github.com/katzenpost/katzenpost/replica/common/key.go:55.3,56.17 2 0
github.com/katzenpost/katzenpost/replica/common/key.go:56.17,58.4 1 0
github.com/katzenpost/katzenpost/replica/common/key.go:59.3,61.16 3 0
github.com/katzenpost/katzenpost/replica/common/key.go:62.8,62.57 1 0
github.com/katzenpost/katzenpost/replica/common/key.go:62.57,64.3 1 0
github.com/katzenpost/katzenpost/replica/common/key.go:64.8,66.3 1 0
github.com/katzenpost/katzenpost/replica/common/key.go:70.103,74.2 3 0
github.com/katzenpost/katzenpost/replica/common/key.go:76.87,80.2 3 0
github.com/katzenpost/katzenpost/replica/common/key.go:85.93,88.47 2 0
github.com/katzenpost/katzenpost/replica/common/key.go:88.47,90.17 2 0
github.com/katzenpost/katzenpost/replica/common/key.go:90.17,92.4 1 0
github.com/katzenpost/katzenpost/replica/common/key.go:93.3,94.17 2 0
github.com/katzenpost/katzenpost/replica/common/key.go:94.17,96.4 1 0
github.com/katzenpost/katzenpost/replica/common/key.go:97.3,99.13 3 0
github.com/katzenpost/katzenpost/replica/common/key.go:100.8,100.57 1 0
github.com/katzenpost/katzenpost/replica/common/key.go:100.57,103.17 3 0
github.com/katzenpost/katzenpost/replica/common/key.go:103.17,105.4 1 0
github.com/katzenpost/katzenpost/replica/common/key.go:106.3,107.17 2 0
github.com/katzenpost/katzenpost/replica/common/key.go:107.17,109.4 1 0
github.com/katzenpost/katzenpost/replica/common/key.go:110.3,111.17 2 0
github.com/katzenpost/katzenpost/replica/common/key.go:111.17,113.4 1 0
github.com/katzenpost/katzenpost/replica/common/key.go:114.8,116.3 1 0
github.com/katzenpost/katzenpost/replica/common/key.go:117.2,117.12 1 0
github.com/katzenpost/katzenpost/replica/common/pki_doc_ops.go:14.85,16.2 1 10
github.com/katzenpost/katzenpost/replica/common/replica_map.go:20.34,24.2 1 0
github.com/katzenpost/katzenpost/replica/common/replica_map.go:26.92,33.2 4 0
github.com/katzenpost/katzenpost/replica/common/replica_map.go:35.74,39.2 3 0
github.com/katzenpost/katzenpost/replica/common/replica_map.go:41.65,44.31 3 0
github.com/katzenpost/katzenpost/replica/common/replica_map.go:44.31,46.3 1 0
github.com/katzenpost/katzenpost/replica/common/replica_map.go:47.2,48.12 2 0
github.com/katzenpost/katzenpost/replica/common/replica_map.go:51.58,53.46 2 0
github.com/katzenpost/katzenpost/replica/common/replica_map.go:53.46,56.3 2 0
github.com/katzenpost/katzenpost/replica/common/replica_map.go:57.2,57.24 1 0
github.com/katzenpost/katzenpost/replica/common/shard.go:26.68,27.46 1 140
github.com/katzenpost/katzenpost/replica/common/shard.go:27.46,29.3 1 1
github.com/katzenpost/katzenpost/replica/common/shard.go:30.2,30.48 1 138
github.com/katzenpost/katzenpost/replica/common/shard.go:30.48,32.3 1 2
github.com/katzenpost/katzenpost/replica/common/shard.go:34.2,35.56 2 136
github.com/katzenpost/katzenpost/replica/common/shard.go:35.56,38.3 2 718
github.com/katzenpost/katzenpost/replica/common/shard.go:39.2,39.18 1 136
github.com/katzenpost/katzenpost/replica/common/shard.go:54.62,57.35 3 14140
github.com/katzenpost/katzenpost/replica/common/shard.go:57.35,59.50 2 91743
github.com/katzenpost/katzenpost/replica/common/shard.go:59.50,60.12 1 35920
github.com/katzenpost/katzenpost/replica/common/shard.go:62.3,66.24 5 55823
github.com/katzenpost/katzenpost/replica/common/shard.go:68.2,68.16 1 14140
github.com/katzenpost/katzenpost/replica/common/shard.go:77.61,79.35 2 0
github.com/katzenpost/katzenpost/replica/common/shard.go:79.35,86.3 3 0
github.com/katzenpost/katzenpost/replica/common/shard.go:88.2,88.54 1 0
github.com/katzenpost/katzenpost/replica/common/shard.go:88.54,90.3 1 0
github.com/katzenpost/katzenpost/replica/common/shard.go:92.2,93.25 2 0
github.com/katzenpost/katzenpost/replica/common/shard.go:93.25,95.3 1 0
github.com/katzenpost/katzenpost/replica/common/shard.go:97.2,97.15 1 0
github.com/katzenpost/katzenpost/replica/common/shard.go:104.86,106.16 2 135
github.com/katzenpost/katzenpost/replica/common/shard.go:106.16,108.3 1 3
github.com/katzenpost/katzenpost/replica/common/shard.go:110.2,112.34 3 131
github.com/katzenpost/katzenpost/replica/common/shard.go:112.34,116.17 3 262
github.com/katzenpost/katzenpost/replica/common/shard.go:116.17,118.12 1 0
github.com/katzenpost/katzenpost/replica/common/shard.go:120.3,120.32 1 262
github.com/katzenpost/katzenpost/replica/common/shard.go:122.2,122.22 1 131
github.com/katzenpost/katzenpost/replica/common/shard.go:122.22,124.3 1 0
github.com/katzenpost/katzenpost/replica/common/shard.go:125.2,125.20 1 131
github.com/katzenpost/katzenpost/replica/common/shard.go:128.124,130.16 2 23
github.com/katzenpost/katzenpost/replica/common/shard.go:130.16,132.3 1 0
github.com/katzenpost/katzenpost/replica/common/shard.go:133.2,134.30 2 23
github.com/katzenpost/katzenpost/replica/common/shard.go:134.30,136.17 2 46
github.com/katzenpost/katzenpost/replica/common/shard.go:136.17,137.14 1 0
github.com/katzenpost/katzenpost/replica/common/shard.go:139.3,139.45 1 46
github.com/katzenpost/katzenpost/replica/common/shard.go:139.45,140.12 1 13
github.com/katzenpost/katzenpost/replica/common/shard.go:142.3,142.26 1 33
github.com/katzenpost/katzenpost/replica/common/shard.go:144.2,144.17 1 23
github.com/katzenpost/katzenpost/replica/common/time.go:18.65,20.19 2 1
github.com/katzenpost/katzenpost/replica/common/time.go:20.19,21.61 1 0
github.com/katzenpost/katzenpost/replica/common/time.go:24.2,28.8 5 1
github.com/katzenpost/katzenpost/replica/common/time.go:32.61,34.2 1 1
github.com/katzenpost/katzenpost/replica/config/config.go:146.60,149.51 2 1
github.com/katzenpost/katzenpost/replica/config/config.go:149.51,151.3 1 0
github.com/katzenpost/katzenpost/replica/config/config.go:153.2,153.54 1 1
github.com/katzenpost/katzenpost/replica/config/config.go:153.54,155.3 1 0
github.com/katzenpost/katzenpost/replica/config/config.go:157.2,157.50 1 1
github.com/katzenpost/katzenpost/replica/config/config.go:157.50,159.3 1 0
github.com/katzenpost/katzenpost/replica/config/config.go:161.2,161.53 1 1
github.com/katzenpost/katzenpost/replica/config/config.go:161.53,163.3 1 0
github.com/katzenpost/katzenpost/replica/config/config.go:165.2,165.28 1 1
github.com/katzenpost/katzenpost/replica/config/config.go:165.28,166.66 1 0
github.com/katzenpost/katzenpost/replica/config/config.go:166.66,168.4 1 0
github.com/katzenpost/katzenpost/replica/config/config.go:171.2,171.27 1 1
github.com/katzenpost/katzenpost/replica/config/config.go:171.27,173.3 1 0
github.com/katzenpost/katzenpost/replica/config/config.go:174.2,174.31 1 1
github.com/katzenpost/katzenpost/replica/config/config.go:174.31,176.3 1 0
github.com/katzenpost/katzenpost/replica/config/config.go:177.2,177.32 1 1
github.com/katzenpost/katzenpost/replica/config/config.go:177.32,179.3 1 1
github.com/katzenpost/katzenpost/replica/config/config.go:181.2,181.33 1 1
github.com/katzenpost/katzenpost/replica/config/config.go:185.39,186.27 1 2
github.com/katzenpost/katzenpost/replica/config/config.go:186.27,188.3 1 1
github.com/katzenpost/katzenpost/replica/config/config.go:189.2,189.29 1 2
github.com/katzenpost/katzenpost/replica/config/config.go:189.29,191.3 1 1
github.com/katzenpost/katzenpost/replica/config/config.go:192.2,192.27 1 2
github.com/katzenpost/katzenpost/replica/config/config.go:192.27,194.3 1 1
github.com/katzenpost/katzenpost/replica/config/config.go:195.2,195.30 1 2
github.com/katzenpost/katzenpost/replica/config/config.go:195.30,197.3 1 2
github.com/katzenpost/katzenpost/replica/config/config.go:198.2,198.30 1 2
github.com/katzenpost/katzenpost/replica/config/config.go:198.30,200.3 1 2
github.com/katzenpost/katzenpost/replica/config/config.go:201.2,201.30 1 2
github.com/katzenpost/katzenpost/replica/config/config.go:201.30,203.3 1 2
github.com/katzenpost/katzenpost/replica/config/config.go:204.2,204.38 1 2
github.com/katzenpost/katzenpost/replica/config/config.go:204.38,206.3 1 2
github.com/katzenpost/katzenpost/replica/config/config.go:207.2,207.32 1 2
github.com/katzenpost/katzenpost/replica/config/config.go:207.32,209.3 1 2
github.com/katzenpost/katzenpost/replica/config/config.go:210.2,210.29 1 2
github.com/katzenpost/katzenpost/replica/config/config.go:210.29,212.3 1 2
github.com/katzenpost/katzenpost/replica/config/config.go:216.49,217.24 1 1
github.com/katzenpost/katzenpost/replica/config/config.go:217.24,219.3 1 0
github.com/katzenpost/katzenpost/replica/config/config.go:220.2,220.27 1 1
github.com/katzenpost/katzenpost/replica/config/config.go:220.27,222.3 1 0
github.com/katzenpost/katzenpost/replica/config/config.go:223.2,223.32 1 1
github.com/katzenpost/katzenpost/replica/config/config.go:223.32,225.3 1 0
github.com/katzenpost/katzenpost/replica/config/config.go:226.2,226.31 1 1
github.com/katzenpost/katzenpost/replica/config/config.go:226.31,228.3 1 0
github.com/katzenpost/katzenpost/replica/config/config.go:229.2,229.29 1 1
github.com/katzenpost/katzenpost/replica/config/config.go:229.29,231.3 1 0
github.com/katzenpost/katzenpost/replica/config/config.go:232.2,232.12 1 1
github.com/katzenpost/katzenpost/replica/config/config.go:236.52,237.24 1 1
github.com/katzenpost/katzenpost/replica/config/config.go:237.24,239.3 1 1
github.com/katzenpost/katzenpost/replica/config/config.go:240.2,240.32 1 0
github.com/katzenpost/katzenpost/replica/config/config.go:244.52,245.32 1 1
github.com/katzenpost/katzenpost/replica/config/config.go:245.32,246.41 1 1
github.com/katzenpost/katzenpost/replica/config/config.go:246.41,248.4 1 0
github.com/katzenpost/katzenpost/replica/config/config.go:248.9,248.28 1 1
github.com/katzenpost/katzenpost/replica/config/config.go:248.28,250.4 1 0
github.com/katzenpost/katzenpost/replica/config/config.go:252.2,252.12 1 1
github.com/katzenpost/katzenpost/replica/config/config.go:256.46,261.16 2 0
github.com/katzenpost/katzenpost/replica/config/config.go:261.16,263.3 1 0
github.com/katzenpost/katzenpost/replica/config/config.go:264.2,265.12 2 0
github.com/katzenpost/katzenpost/replica/config/config.go:269.48,270.32 1 1
github.com/katzenpost/katzenpost/replica/config/config.go:270.32,272.3 1 0
github.com/katzenpost/katzenpost/replica/config/config.go:273.2,273.12 1 1
github.com/katzenpost/katzenpost/replica/config/config.go:277.51,278.18 1 1
github.com/katzenpost/katzenpost/replica/config/config.go:278.18,280.3 1 0
github.com/katzenpost/katzenpost/replica/config/config.go:281.2,281.12 1 1
github.com/katzenpost/katzenpost/replica/config/config.go:285.47,287.22 1 1
github.com/katzenpost/katzenpost/replica/config/config.go:287.22,290.3 2 0
github.com/katzenpost/katzenpost/replica/config/config.go:291.2,291.29 1 1
github.com/katzenpost/katzenpost/replica/config/config.go:296.57,299.16 3 0
github.com/katzenpost/katzenpost/replica/config/config.go:299.16,301.3 1 0
github.com/katzenpost/katzenpost/replica/config/config.go:302.2,302.59 1 0
github.com/katzenpost/katzenpost/replica/config/config.go:302.59,304.3 1 0
github.com/katzenpost/katzenpost/replica/config/config.go:306.2,306.18 1 0
github.com/katzenpost/katzenpost/replica/config/config.go:306.18,308.3 1 0
github.com/katzenpost/katzenpost/replica/config/config.go:310.2,310.17 1 0
github.com/katzenpost/katzenpost/replica/config/config.go:315.61,318.16 3 1
github.com/katzenpost/katzenpost/replica/config/config.go:318.16,320.3 1 0
github.com/katzenpost/katzenpost/replica/config/config.go:321.2,321.59 1 1
github.com/katzenpost/katzenpost/replica/config/config.go:321.59,323.3 1 0
github.com/katzenpost/katzenpost/replica/config/config.go:325.2,325.18 1 1
github.com/katzenpost/katzenpost/replica/config/config.go:325.18,327.3 1 0
github.com/katzenpost/katzenpost/replica/config/config.go:329.2,329.17 1 1
github.com/katzenpost/katzenpost/replica/instrument/prometheus.go:106.46,107.25 1 0
github.com/katzenpost/katzenpost/replica/instrument/prometheus.go:107.25,121.3 13 0
github.com/katzenpost/katzenpost/replica/instrument/prometheus.go:123.2,123.19 1 0
github.com/katzenpost/katzenpost/replica/instrument/prometheus.go:123.19,126.3 2 0
github.com/katzenpost/katzenpost/replica/instrument/prometheus.go:130.31,132.2 1 0
github.com/katzenpost/katzenpost/replica/instrument/prometheus.go:137.55,140.2 2 0
github.com/katzenpost/katzenpost/replica/instrument/prometheus.go:145.54,148.2 2 0
github.com/katzenpost/katzenpost/replica/instrument/prometheus.go:151.51,153.2 1 0
github.com/katzenpost/katzenpost/replica/instrument/prometheus.go:156.30,158.2 1 0
github.com/katzenpost/katzenpost/replica/instrument/prometheus.go:161.42,163.2 1 0
github.com/katzenpost/katzenpost/replica/instrument/prometheus.go:166.51,168.2 1 0
github.com/katzenpost/katzenpost/replica/instrument/prometheus.go:171.27,173.2 1 0
github.com/katzenpost/katzenpost/replica/instrument/prometheus.go:176.29,178.2 1 0
github.com/katzenpost/katzenpost/replica/instrument/prometheus.go:181.31,183.2 1 0
github.com/katzenpost/katzenpost/replica/instrument/prometheus.go:187.39,189.2 1 0
github.com/katzenpost/katzenpost/replica/connector.go:69.29,75.2 3 6
github.com/katzenpost/katzenpost/replica/connector.go:77.36,82.9 1 0
github.com/katzenpost/katzenpost/replica/connector.go:83.32,83.32 0 0
github.com/katzenpost/katzenpost/replica/connector.go:84.10,84.10 0 0
github.com/katzenpost/katzenpost/replica/connector.go:88.39,90.2 1 3
github.com/katzenpost/katzenpost/replica/connector.go:95.57,96.25 1 17
github.com/katzenpost/katzenpost/replica/connector.go:97.30,98.24 1 14
github.com/katzenpost/katzenpost/replica/connector.go:99.32,100.33 1 3
github.com/katzenpost/katzenpost/replica/connector.go:101.10,102.27 1 0
github.com/katzenpost/katzenpost/replica/connector.go:106.78,111.16 4 0
github.com/katzenpost/katzenpost/replica/connector.go:111.16,114.3 2 0
github.com/katzenpost/katzenpost/replica/connector.go:116.2,116.8 1 0
github.com/katzenpost/katzenpost/replica/connector.go:116.8,120.3 2 0
github.com/katzenpost/katzenpost/replica/connector.go:120.8,124.3 2 0
github.com/katzenpost/katzenpost/replica/connector.go:131.75,140.35 6 17
github.com/katzenpost/katzenpost/replica/connector.go:140.35,141.26 1 18
github.com/katzenpost/katzenpost/replica/connector.go:141.26,142.12 1 4
github.com/katzenpost/katzenpost/replica/connector.go:144.3,145.51 2 14
github.com/katzenpost/katzenpost/replica/connector.go:145.51,152.4 6 3
github.com/katzenpost/katzenpost/replica/connector.go:155.2,155.39 1 14
github.com/katzenpost/katzenpost/replica/connector.go:155.39,157.36 1 1
github.com/katzenpost/katzenpost/replica/connector.go:157.36,158.27 1 1
github.com/katzenpost/katzenpost/replica/connector.go:158.27,162.10 4 1
github.com/katzenpost/katzenpost/replica/connector.go:167.2,177.47 3 14
github.com/katzenpost/katzenpost/replica/connector.go:181.46,182.29 1 25
github.com/katzenpost/katzenpost/replica/connector.go:182.29,184.3 1 13
github.com/katzenpost/katzenpost/replica/connector.go:185.2,187.35 3 12
github.com/katzenpost/katzenpost/replica/connector.go:187.35,188.39 1 20
github.com/katzenpost/katzenpost/replica/connector.go:188.39,191.12 3 2
github.com/katzenpost/katzenpost/replica/connector.go:193.3,193.13 1 18
github.com/katzenpost/katzenpost/replica/connector.go:193.13,195.4 1 0
github.com/katzenpost/katzenpost/replica/connector.go:196.3,196.6 1 18
github.com/katzenpost/katzenpost/replica/connector.go:198.2,198.35 1 12
github.com/katzenpost/katzenpost/replica/connector.go:202.42,208.29 4 8
github.com/katzenpost/katzenpost/replica/connector.go:208.29,211.3 2 8
github.com/katzenpost/katzenpost/replica/connector.go:213.2,216.47 2 0
github.com/katzenpost/katzenpost/replica/connector.go:216.47,224.9 5 0
github.com/katzenpost/katzenpost/replica/connector.go:224.9,231.4 3 0
github.com/katzenpost/katzenpost/replica/connector.go:233.2,233.47 1 0
github.com/katzenpost/katzenpost/replica/connector.go:236.70,237.15 1 0
github.com/katzenpost/katzenpost/replica/connector.go:237.15,240.10 2 0
github.com/katzenpost/katzenpost/replica/connector.go:241.22,242.10 1 0
github.com/katzenpost/katzenpost/replica/connector.go:243.40,243.40 0 0
github.com/katzenpost/katzenpost/replica/connector.go:245.3,245.16 1 0
github.com/katzenpost/katzenpost/replica/connector.go:245.16,245.39 1 0
github.com/katzenpost/katzenpost/replica/connector.go:246.3,247.61 2 0
github.com/katzenpost/katzenpost/replica/connector.go:251.64,253.16 2 0
github.com/katzenpost/katzenpost/replica/connector.go:253.16,256.3 2 0
github.com/katzenpost/katzenpost/replica/connector.go:259.2,260.16 2 0
github.com/katzenpost/katzenpost/replica/connector.go:260.16,263.3 2 0
github.com/katzenpost/katzenpost/replica/connector.go:264.2,270.16 4 0
github.com/katzenpost/katzenpost/replica/connector.go:270.16,278.3 2 0
github.com/katzenpost/katzenpost/replica/connector.go:280.2,280.25 1 0
github.com/katzenpost/katzenpost/replica/connector.go:280.25,283.3 2 0
github.com/katzenpost/katzenpost/replica/connector.go:286.2,289.33 3 0
github.com/katzenpost/katzenpost/replica/connector.go:289.33,293.41 2 0
github.com/katzenpost/katzenpost/replica/connector.go:293.41,295.12 2 0
github.com/katzenpost/katzenpost/replica/connector.go:298.3,305.20 5 0
github.com/katzenpost/katzenpost/replica/connector.go:305.20,307.4 1 0
github.com/katzenpost/katzenpost/replica/connector.go:309.3,310.37 2 0
github.com/katzenpost/katzenpost/replica/connector.go:313.2,313.23 1 0
github.com/katzenpost/katzenpost/replica/connector.go:313.23,316.3 2 0
github.com/katzenpost/katzenpost/replica/connector.go:318.2,318.34 1 0
github.com/katzenpost/katzenpost/replica/connector.go:318.34,320.3 1 0
github.com/katzenpost/katzenpost/replica/connector.go:320.8,322.3 1 0
github.com/katzenpost/katzenpost/replica/connector.go:325.31,344.6 8 8
github.com/katzenpost/katzenpost/replica/connector.go:344.6,346.10 2 8
github.com/katzenpost/katzenpost/replica/connector.go:347.22,349.10 2 6
github.com/katzenpost/katzenpost/replica/connector.go:350.27,351.51 1 0
github.com/katzenpost/katzenpost/replica/connector.go:352.18,353.21 1 0
github.com/katzenpost/katzenpost/replica/connector.go:355.3,355.35 1 0
github.com/katzenpost/katzenpost/replica/connector.go:355.35,357.4 1 0
github.com/katzenpost/katzenpost/replica/connector.go:361.3,366.31 3 0
github.com/katzenpost/katzenpost/replica/connector.go:372.38,379.29 3 8
github.com/katzenpost/katzenpost/replica/connector.go:379.29,380.32 1 0
github.com/katzenpost/katzenpost/replica/connector.go:380.32,383.4 1 0
github.com/katzenpost/katzenpost/replica/connector.go:385.2,389.32 2 8
github.com/katzenpost/katzenpost/replica/connector.go:389.32,393.20 3 0
github.com/katzenpost/katzenpost/replica/connector.go:393.20,394.45 1 0
github.com/katzenpost/katzenpost/replica/connector.go:397.3,398.18 2 0
github.com/katzenpost/katzenpost/replica/connector.go:402.52,404.2 1 0
github.com/katzenpost/katzenpost/replica/connector.go:407.44,411.2 3 0
github.com/katzenpost/katzenpost/replica/connector.go:413.49,418.15 4 0
github.com/katzenpost/katzenpost/replica/connector.go:418.15,421.3 2 0
github.com/katzenpost/katzenpost/replica/connector.go:422.2,422.35 1 0
github.com/katzenpost/katzenpost/replica/connector.go:422.35,425.3 1 0
github.com/katzenpost/katzenpost/replica/connector.go:426.2,429.12 2 0
github.com/katzenpost/katzenpost/replica/connector.go:429.12,433.3 2 0
github.com/katzenpost/katzenpost/replica/connector.go:436.52,440.15 3 0
github.com/katzenpost/katzenpost/replica/connector.go:440.15,443.3 2 0
github.com/katzenpost/katzenpost/replica/connector.go:444.2,444.26 1 0
github.com/katzenpost/katzenpost/replica/connector.go:448.46,460.2 3 8
github.com/katzenpost/katzenpost/replica/envelope_epoch.go:41.55,44.49 3 5
github.com/katzenpost/katzenpost/replica/envelope_epoch.go:44.49,45.49 1 12
github.com/katzenpost/katzenpost/replica/envelope_epoch.go:45.49,48.12 1 0
github.com/katzenpost/katzenpost/replica/envelope_epoch.go:50.3,52.17 3 12
github.com/katzenpost/katzenpost/replica/envelope_epoch.go:52.17,53.12 1 3
github.com/katzenpost/katzenpost/replica/envelope_epoch.go:55.3,56.17 2 9
github.com/katzenpost/katzenpost/replica/envelope_epoch.go:56.17,58.12 2 6
github.com/katzenpost/katzenpost/replica/envelope_epoch.go:60.3,60.40 1 3
github.com/katzenpost/katzenpost/replica/envelope_epoch.go:62.2,62.20 1 2
github.com/katzenpost/katzenpost/replica/envelope_epoch.go:62.20,67.3 1 1
github.com/katzenpost/katzenpost/replica/envelope_epoch.go:68.2,68.29 1 1
github.com/katzenpost/katzenpost/replica/handlers.go:28.179,31.16 3 1
github.com/katzenpost/katzenpost/replica/handlers.go:31.16,32.75 1 0
github.com/katzenpost/katzenpost/replica/handlers.go:35.2,42.3 1 1
github.com/katzenpost/katzenpost/replica/handlers.go:45.119,46.61 1 1
github.com/katzenpost/katzenpost/replica/handlers.go:46.61,48.3 1 1
github.com/katzenpost/katzenpost/replica/handlers.go:49.2,49.30 1 1
github.com/katzenpost/katzenpost/replica/handlers.go:50.22,52.19 2 1
github.com/katzenpost/katzenpost/replica/handlers.go:53.28,55.20 2 0
github.com/katzenpost/katzenpost/replica/handlers.go:56.30,63.10 3 0
github.com/katzenpost/katzenpost/replica/handlers.go:64.30,72.10 6 0
github.com/katzenpost/katzenpost/replica/handlers.go:73.32,79.13 4 0
github.com/katzenpost/katzenpost/replica/handlers.go:79.13,81.11 2 0
github.com/katzenpost/katzenpost/replica/handlers.go:82.26,84.11 2 0
github.com/katzenpost/katzenpost/replica/handlers.go:85.12,85.12 0 0
github.com/katzenpost/katzenpost/replica/handlers.go:87.4,87.11 1 0
github.com/katzenpost/katzenpost/replica/handlers.go:88.44,88.44 0 0
github.com/katzenpost/katzenpost/replica/handlers.go:89.26,91.11 2 0
github.com/katzenpost/katzenpost/replica/handlers.go:93.4,93.17 1 0
github.com/katzenpost/katzenpost/replica/handlers.go:93.17,93.43 1 0
github.com/katzenpost/katzenpost/replica/handlers.go:94.4,96.11 3 0
github.com/katzenpost/katzenpost/replica/handlers.go:97.26,99.11 2 0
github.com/katzenpost/katzenpost/replica/handlers.go:100.12,100.12 0 0
github.com/katzenpost/katzenpost/replica/handlers.go:102.4,102.78 1 0
github.com/katzenpost/katzenpost/replica/handlers.go:104.3,104.19 1 0
github.com/katzenpost/katzenpost/replica/handlers.go:105.10,107.20 2 0
github.com/katzenpost/katzenpost/replica/handlers.go:113.116,124.16 6 1
github.com/katzenpost/katzenpost/replica/handlers.go:124.16,127.3 2 1
github.com/katzenpost/katzenpost/replica/handlers.go:128.2,141.16 4 0
github.com/katzenpost/katzenpost/replica/handlers.go:141.16,144.3 2 0
github.com/katzenpost/katzenpost/replica/handlers.go:145.2,145.34 1 0
github.com/katzenpost/katzenpost/replica/handlers.go:145.34,148.3 1 0
github.com/katzenpost/katzenpost/replica/handlers.go:149.2,150.16 2 0
github.com/katzenpost/katzenpost/replica/handlers.go:150.16,153.3 2 0
github.com/katzenpost/katzenpost/replica/handlers.go:154.2,155.16 2 0
github.com/katzenpost/katzenpost/replica/handlers.go:155.16,158.3 2 0
github.com/katzenpost/katzenpost/replica/handlers.go:161.2,164.16 3 0
github.com/katzenpost/katzenpost/replica/handlers.go:164.16,167.3 2 0
github.com/katzenpost/katzenpost/replica/handlers.go:168.2,169.16 2 0
github.com/katzenpost/katzenpost/replica/handlers.go:169.16,172.3 2 0
github.com/katzenpost/katzenpost/replica/handlers.go:174.2,174.9 1 0
github.com/katzenpost/katzenpost/replica/handlers.go:175.26,182.17 4 0
github.com/katzenpost/katzenpost/replica/handlers.go:182.17,185.4 2 0
github.com/katzenpost/katzenpost/replica/handlers.go:187.3,187.23 1 0
github.com/katzenpost/katzenpost/replica/handlers.go:187.23,190.4 2 0
github.com/katzenpost/katzenpost/replica/handlers.go:192.3,193.17 2 0
github.com/katzenpost/katzenpost/replica/handlers.go:193.17,196.4 2 0
github.com/katzenpost/katzenpost/replica/handlers.go:198.3,199.32 2 0
github.com/katzenpost/katzenpost/replica/handlers.go:199.32,200.52 1 0
github.com/katzenpost/katzenpost/replica/handlers.go:200.52,202.10 2 0
github.com/katzenpost/katzenpost/replica/handlers.go:206.3,206.14 1 0
github.com/katzenpost/katzenpost/replica/handlers.go:206.14,217.18 6 0
github.com/katzenpost/katzenpost/replica/handlers.go:217.18,220.5 2 0
github.com/katzenpost/katzenpost/replica/handlers.go:221.4,222.18 2 0
github.com/katzenpost/katzenpost/replica/handlers.go:222.18,225.5 2 0
github.com/katzenpost/katzenpost/replica/handlers.go:226.4,227.56 2 0
github.com/katzenpost/katzenpost/replica/handlers.go:227.56,229.5 1 0
github.com/katzenpost/katzenpost/replica/handlers.go:229.10,231.5 1 0
github.com/katzenpost/katzenpost/replica/handlers.go:232.4,232.142 1 0
github.com/katzenpost/katzenpost/replica/handlers.go:236.3,239.15 4 0
github.com/katzenpost/katzenpost/replica/handlers.go:240.27,247.17 4 0
github.com/katzenpost/katzenpost/replica/handlers.go:247.17,250.4 2 0
github.com/katzenpost/katzenpost/replica/handlers.go:252.3,253.17 2 0
github.com/katzenpost/katzenpost/replica/handlers.go:253.17,256.4 2 0
github.com/katzenpost/katzenpost/replica/handlers.go:258.3,259.32 2 0
github.com/katzenpost/katzenpost/replica/handlers.go:259.32,260.52 1 0
github.com/katzenpost/katzenpost/replica/handlers.go:260.52,262.10 2 0
github.com/katzenpost/katzenpost/replica/handlers.go:266.3,266.14 1 0
github.com/katzenpost/katzenpost/replica/handlers.go:266.14,274.57 3 0
github.com/katzenpost/katzenpost/replica/handlers.go:274.57,278.5 3 0
github.com/katzenpost/katzenpost/replica/handlers.go:280.4,287.18 4 0
github.com/katzenpost/katzenpost/replica/handlers.go:287.18,290.5 2 0
github.com/katzenpost/katzenpost/replica/handlers.go:291.4,292.18 2 0
github.com/katzenpost/katzenpost/replica/handlers.go:292.18,295.5 2 0
github.com/katzenpost/katzenpost/replica/handlers.go:296.4,297.143 2 0
github.com/katzenpost/katzenpost/replica/handlers.go:302.3,303.64 2 0
github.com/katzenpost/katzenpost/replica/handlers.go:304.10,306.136 2 0
github.com/katzenpost/katzenpost/replica/handlers.go:310.108,314.9 3 1
github.com/katzenpost/katzenpost/replica/handlers.go:315.18,316.29 1 0
github.com/katzenpost/katzenpost/replica/handlers.go:316.29,324.4 2 0
github.com/katzenpost/katzenpost/replica/handlers.go:325.3,333.15 3 0
github.com/katzenpost/katzenpost/replica/handlers.go:334.40,344.15 3 1
github.com/katzenpost/katzenpost/replica/handlers.go:345.39,352.15 4 0
github.com/katzenpost/katzenpost/replica/handlers.go:353.46,360.15 4 0
github.com/katzenpost/katzenpost/replica/handlers.go:361.35,368.15 4 0
github.com/katzenpost/katzenpost/replica/handlers.go:372.2,372.12 1 0
github.com/katzenpost/katzenpost/replica/handlers.go:375.112,382.17 4 1
github.com/katzenpost/katzenpost/replica/handlers.go:382.17,384.3 1 0
github.com/katzenpost/katzenpost/replica/handlers.go:384.8,388.17 3 1
github.com/katzenpost/katzenpost/replica/handlers.go:388.17,393.4 2 0
github.com/katzenpost/katzenpost/replica/handlers.go:396.3,397.58 2 1
github.com/katzenpost/katzenpost/replica/handlers.go:397.58,403.4 2 1
github.com/katzenpost/katzenpost/replica/handlers.go:406.3,408.17 3 0
github.com/katzenpost/katzenpost/replica/handlers.go:408.17,413.4 2 0
github.com/katzenpost/katzenpost/replica/handlers.go:414.3,414.81 1 0
github.com/katzenpost/katzenpost/replica/handlers.go:414.81,419.4 2 0
github.com/katzenpost/katzenpost/replica/handlers.go:423.3,425.17 3 0
github.com/katzenpost/katzenpost/replica/handlers.go:425.17,427.43 1 0
github.com/katzenpost/katzenpost/replica/handlers.go:427.43,432.5 2 0
github.com/katzenpost/katzenpost/replica/handlers.go:433.4,433.38 1 0
github.com/katzenpost/katzenpost/replica/handlers.go:433.38,438.5 2 0
github.com/katzenpost/katzenpost/replica/handlers.go:439.4,442.5 2 0
github.com/katzenpost/katzenpost/replica/handlers.go:444.3,447.4 2 0
github.com/katzenpost/katzenpost/replica/handlers.go:449.2,449.14 1 0
github.com/katzenpost/katzenpost/replica/handlers.go:455.109,461.16 4 0
github.com/katzenpost/katzenpost/replica/handlers.go:461.16,466.3 2 0
github.com/katzenpost/katzenpost/replica/handlers.go:468.2,468.68 1 0
github.com/katzenpost/katzenpost/replica/handlers.go:468.68,473.3 2 0
github.com/katzenpost/katzenpost/replica/handlers.go:476.2,477.16 2 0
github.com/katzenpost/katzenpost/replica/handlers.go:477.16,482.3 2 0
github.com/katzenpost/katzenpost/replica/handlers.go:484.2,487.3 2 0
github.com/katzenpost/katzenpost/replica/handlers.go:492.177,494.24 1 0
github.com/katzenpost/katzenpost/replica/handlers.go:494.24,497.3 2 0
github.com/katzenpost/katzenpost/replica/handlers.go:499.2,503.16 3 0
github.com/katzenpost/katzenpost/replica/handlers.go:503.16,506.3 2 0
github.com/katzenpost/katzenpost/replica/handlers.go:509.2,510.16 2 0
github.com/katzenpost/katzenpost/replica/handlers.go:510.16,513.3 2 0
github.com/katzenpost/katzenpost/replica/handlers.go:516.2,517.16 2 0
github.com/katzenpost/katzenpost/replica/handlers.go:517.16,520.3 2 0
github.com/katzenpost/katzenpost/replica/handlers.go:524.2,525.16 2 0
github.com/katzenpost/katzenpost/replica/handlers.go:525.16,528.3 2 0
github.com/katzenpost/katzenpost/replica/handlers.go:529.2,534.16 4 0
github.com/katzenpost/katzenpost/replica/handlers.go:534.16,537.3 2 0
github.com/katzenpost/katzenpost/replica/handlers.go:540.2,550.16 5 0
github.com/katzenpost/katzenpost/replica/handlers.go:550.16,553.3 2 0
github.com/katzenpost/katzenpost/replica/handlers.go:554.2,555.16 2 0
github.com/katzenpost/katzenpost/replica/handlers.go:555.16,558.3 2 0
github.com/katzenpost/katzenpost/replica/handlers.go:561.2,562.13 2 0
github.com/katzenpost/katzenpost/replica/handlers.go:562.13,565.3 2 0
github.com/katzenpost/katzenpost/replica/handlers.go:567.2,568.16 2 0
github.com/katzenpost/katzenpost/replica/handlers.go:568.16,571.3 2 0
github.com/katzenpost/katzenpost/replica/handlers.go:573.2,594.16 6 0
github.com/katzenpost/katzenpost/replica/handlers.go:594.16,597.3 2 0
github.com/katzenpost/katzenpost/replica/handlers.go:600.2,600.18 1 0
github.com/katzenpost/katzenpost/replica/handlers.go:600.18,603.3 2 0
github.com/katzenpost/katzenpost/replica/handlers.go:605.2,608.34 2 0
github.com/katzenpost/katzenpost/replica/handlers.go:608.34,610.17 2 0
github.com/katzenpost/katzenpost/replica/handlers.go:610.17,613.4 2 0
github.com/katzenpost/katzenpost/replica/handlers.go:616.3,617.17 2 0
github.com/katzenpost/katzenpost/replica/handlers.go:617.17,620.4 2 0
github.com/katzenpost/katzenpost/replica/handlers.go:621.3,622.17 2 0
github.com/katzenpost/katzenpost/replica/handlers.go:622.17,625.4 2 0
github.com/katzenpost/katzenpost/replica/handlers.go:627.3,627.41 1 0
github.com/katzenpost/katzenpost/replica/handlers.go:627.41,630.4 2 0
github.com/katzenpost/katzenpost/replica/handlers.go:634.3,639.17 4 0
github.com/katzenpost/katzenpost/replica/handlers.go:639.17,642.4 2 0
github.com/katzenpost/katzenpost/replica/handlers.go:643.3,644.17 2 0
github.com/katzenpost/katzenpost/replica/handlers.go:644.17,647.4 2 0
github.com/katzenpost/katzenpost/replica/handlers.go:648.3,651.167 2 0
github.com/katzenpost/katzenpost/replica/handlers.go:655.2,655.130 1 0
github.com/katzenpost/katzenpost/replica/handlers.go:662.180,664.25 1 0
github.com/katzenpost/katzenpost/replica/handlers.go:664.25,667.3 2 0
github.com/katzenpost/katzenpost/replica/handlers.go:669.2,673.16 3 0
github.com/katzenpost/katzenpost/replica/handlers.go:673.16,676.3 2 0
github.com/katzenpost/katzenpost/replica/handlers.go:679.2,680.16 2 0
github.com/katzenpost/katzenpost/replica/handlers.go:680.16,683.3 2 0
github.com/katzenpost/katzenpost/replica/handlers.go:686.2,687.16 2 0
github.com/katzenpost/katzenpost/replica/handlers.go:687.16,690.3 2 0
github.com/katzenpost/katzenpost/replica/handlers.go:694.2,695.16 2 0
github.com/katzenpost/katzenpost/replica/handlers.go:695.16,698.3 2 0
github.com/katzenpost/katzenpost/replica/handlers.go:699.2,704.16 4 0
github.com/katzenpost/katzenpost/replica/handlers.go:704.16,707.3 2 0
github.com/katzenpost/katzenpost/replica/handlers.go:710.2,721.16 5 0
github.com/katzenpost/katzenpost/replica/handlers.go:721.16,724.3 2 0
github.com/katzenpost/katzenpost/replica/handlers.go:725.2,726.16 2 0
github.com/katzenpost/katzenpost/replica/handlers.go:726.16,729.3 2 0
github.com/katzenpost/katzenpost/replica/handlers.go:732.2,733.13 2 0
github.com/katzenpost/katzenpost/replica/handlers.go:733.13,736.3 2 0
github.com/katzenpost/katzenpost/replica/handlers.go:738.2,739.16 2 0
github.com/katzenpost/katzenpost/replica/handlers.go:739.16,742.3 2 0
github.com/katzenpost/katzenpost/replica/handlers.go:744.2,764.16 6 0
github.com/katzenpost/katzenpost/replica/handlers.go:764.16,767.3 2 0
github.com/katzenpost/katzenpost/replica/handlers.go:770.2,770.18 1 0
github.com/katzenpost/katzenpost/replica/handlers.go:770.18,773.3 2 0
github.com/katzenpost/katzenpost/replica/handlers.go:775.2,778.34 2 0
github.com/katzenpost/katzenpost/replica/handlers.go:778.34,780.17 2 0
github.com/katzenpost/katzenpost/replica/handlers.go:780.17,783.4 2 0
github.com/katzenpost/katzenpost/replica/handlers.go:786.3,787.17 2 0
github.com/katzenpost/katzenpost/replica/handlers.go:787.17,790.4 2 0
github.com/katzenpost/katzenpost/replica/handlers.go:791.3,792.17 2 0
github.com/katzenpost/katzenpost/replica/handlers.go:792.17,795.4 2 0
github.com/katzenpost/katzenpost/replica/handlers.go:797.3,797.42 1 0
github.com/katzenpost/katzenpost/replica/handlers.go:797.42,800.4 2 0
github.com/katzenpost/katzenpost/replica/handlers.go:804.3,810.17 4 0
github.com/katzenpost/katzenpost/replica/handlers.go:810.17,813.4 2 0
github.com/katzenpost/katzenpost/replica/handlers.go:814.3,815.17 2 0
github.com/katzenpost/katzenpost/replica/handlers.go:815.17,818.4 2 0
github.com/katzenpost/katzenpost/replica/handlers.go:819.3,822.168 2 0
github.com/katzenpost/katzenpost/replica/handlers.go:826.2,826.130 1 0
github.com/katzenpost/katzenpost/replica/handlers.go:830.266,841.9 6 0
github.com/katzenpost/katzenpost/replica/handlers.go:842.24,843.42 1 0
github.com/katzenpost/katzenpost/replica/handlers.go:844.10,844.10 0 0
github.com/katzenpost/katzenpost/replica/handlers.go:846.2,846.9 1 0
github.com/katzenpost/katzenpost/replica/handlers.go:847.29,848.19 1 0
github.com/katzenpost/katzenpost/replica/handlers.go:848.19,850.4 1 0
github.com/katzenpost/katzenpost/replica/handlers.go:851.3,852.20 2 0
github.com/katzenpost/katzenpost/replica/handlers.go:853.29,855.63 2 0
github.com/katzenpost/katzenpost/replica/handlers.go:856.24,857.42 1 0
github.com/katzenpost/katzenpost/replica/incoming_conn.go:63.32,65.2 1 0
github.com/katzenpost/katzenpost/replica/incoming_conn.go:68.59,72.2 3 4
github.com/katzenpost/katzenpost/replica/incoming_conn.go:75.66,79.2 3 2
github.com/katzenpost/katzenpost/replica/incoming_conn.go:81.33,82.15 1 1
github.com/katzenpost/katzenpost/replica/incoming_conn.go:82.15,86.3 3 0
github.com/katzenpost/katzenpost/replica/incoming_conn.go:89.2,90.16 2 1
github.com/katzenpost/katzenpost/replica/incoming_conn.go:90.16,92.3 1 0
github.com/katzenpost/katzenpost/replica/incoming_conn.go:93.2,97.16 3 1
github.com/katzenpost/katzenpost/replica/incoming_conn.go:97.16,99.3 1 0
github.com/katzenpost/katzenpost/replica/incoming_conn.go:102.2,102.48 1 0
github.com/katzenpost/katzenpost/replica/incoming_conn.go:102.48,104.3 1 0
github.com/katzenpost/katzenpost/replica/incoming_conn.go:111.2,120.12 6 0
github.com/katzenpost/katzenpost/replica/incoming_conn.go:120.12,123.3 2 0
github.com/katzenpost/katzenpost/replica/incoming_conn.go:126.2,138.11 4 0
github.com/katzenpost/katzenpost/replica/incoming_conn.go:141.111,142.6 1 0
github.com/katzenpost/katzenpost/replica/incoming_conn.go:142.6,143.10 1 0
github.com/katzenpost/katzenpost/replica/incoming_conn.go:144.17,146.8 1 0
github.com/katzenpost/katzenpost/replica/incoming_conn.go:146.8,147.12 1 0
github.com/katzenpost/katzenpost/replica/incoming_conn.go:148.26,149.35 1 0
github.com/katzenpost/katzenpost/replica/incoming_conn.go:150.13,151.12 1 0
github.com/katzenpost/katzenpost/replica/incoming_conn.go:154.24,155.33 1 0
github.com/katzenpost/katzenpost/replica/incoming_conn.go:161.81,162.17 1 0
github.com/katzenpost/katzenpost/replica/incoming_conn.go:162.17,164.3 1 0
github.com/katzenpost/katzenpost/replica/incoming_conn.go:165.2,166.16 2 0
github.com/katzenpost/katzenpost/replica/incoming_conn.go:166.16,169.3 2 0
github.com/katzenpost/katzenpost/replica/incoming_conn.go:170.2,171.49 2 0
github.com/katzenpost/katzenpost/replica/incoming_conn.go:171.49,173.3 1 0
github.com/katzenpost/katzenpost/replica/incoming_conn.go:173.8,173.21 1 0
github.com/katzenpost/katzenpost/replica/incoming_conn.go:173.21,175.3 1 0
github.com/katzenpost/katzenpost/replica/incoming_conn.go:179.67,198.16 8 1
github.com/katzenpost/katzenpost/replica/incoming_conn.go:198.16,200.3 1 1
github.com/katzenpost/katzenpost/replica/incoming_conn.go:202.2,202.16 1 1
github.com/katzenpost/katzenpost/replica/incoming_conn.go:202.16,205.3 2 0
github.com/katzenpost/katzenpost/replica/incoming_conn.go:207.2,208.29 2 1
github.com/katzenpost/katzenpost/replica/incoming_conn.go:208.29,211.3 2 0
github.com/katzenpost/katzenpost/replica/incoming_conn.go:212.2,213.9 2 1
github.com/katzenpost/katzenpost/replica/incoming_conn.go:213.9,216.3 2 0
github.com/katzenpost/katzenpost/replica/incoming_conn.go:218.2,218.21 1 1
github.com/katzenpost/katzenpost/replica/incoming_conn.go:222.102,226.28 3 1
github.com/katzenpost/katzenpost/replica/incoming_conn.go:226.28,228.3 1 1
github.com/katzenpost/katzenpost/replica/incoming_conn.go:230.2,231.29 2 1
github.com/katzenpost/katzenpost/replica/incoming_conn.go:231.29,233.3 1 1
github.com/katzenpost/katzenpost/replica/incoming_conn.go:235.2,237.48 3 1
github.com/katzenpost/katzenpost/replica/incoming_conn.go:237.48,240.40 2 0
github.com/katzenpost/katzenpost/replica/incoming_conn.go:240.40,250.4 2 0
github.com/katzenpost/katzenpost/replica/incoming_conn.go:252.3,261.18 3 0
github.com/katzenpost/katzenpost/replica/incoming_conn.go:264.2,275.16 5 0
github.com/katzenpost/katzenpost/replica/incoming_conn.go:275.16,278.3 2 0
github.com/katzenpost/katzenpost/replica/incoming_conn.go:280.2,280.19 1 0
github.com/katzenpost/katzenpost/replica/incoming_conn.go:284.52,287.41 1 0
github.com/katzenpost/katzenpost/replica/incoming_conn.go:287.41,289.17 2 0
github.com/katzenpost/katzenpost/replica/incoming_conn.go:289.17,292.4 2 0
github.com/katzenpost/katzenpost/replica/incoming_conn.go:294.2,294.12 1 0
github.com/katzenpost/katzenpost/replica/incoming_conn.go:298.122,309.6 6 0
github.com/katzenpost/katzenpost/replica/incoming_conn.go:309.6,311.22 2 0
github.com/katzenpost/katzenpost/replica/incoming_conn.go:311.22,313.4 1 0
github.com/katzenpost/katzenpost/replica/incoming_conn.go:314.3,314.20 1 0
github.com/katzenpost/katzenpost/replica/incoming_conn.go:314.20,315.12 1 0
github.com/katzenpost/katzenpost/replica/incoming_conn.go:318.3,322.15 3 0
github.com/katzenpost/katzenpost/replica/incoming_conn.go:322.15,325.4 2 0
github.com/katzenpost/katzenpost/replica/incoming_conn.go:327.3,327.18 1 0
github.com/katzenpost/katzenpost/replica/incoming_conn.go:327.18,328.32 1 0
github.com/katzenpost/katzenpost/replica/incoming_conn.go:328.32,330.5 1 0
github.com/katzenpost/katzenpost/replica/incoming_conn.go:331.4,331.11 1 0
github.com/katzenpost/katzenpost/replica/incoming_conn.go:332.26,333.11 1 0
github.com/katzenpost/katzenpost/replica/incoming_conn.go:334.12,334.12 0 0
github.com/katzenpost/katzenpost/replica/incoming_conn.go:336.4,337.25 2 0
github.com/katzenpost/katzenpost/replica/incoming_conn.go:343.100,347.12 3 0
github.com/katzenpost/katzenpost/replica/incoming_conn.go:347.12,349.7 2 0
github.com/katzenpost/katzenpost/replica/incoming_conn.go:349.7,351.18 2 0
github.com/katzenpost/katzenpost/replica/incoming_conn.go:351.18,354.5 2 0
github.com/katzenpost/katzenpost/replica/incoming_conn.go:355.4,355.11 1 0
github.com/katzenpost/katzenpost/replica/incoming_conn.go:356.29,356.29 0 0
github.com/katzenpost/katzenpost/replica/incoming_conn.go:357.26,358.11 1 0
github.com/katzenpost/katzenpost/replica/incoming_conn.go:363.2,363.34 1 0
github.com/katzenpost/katzenpost/replica/incoming_conn.go:367.158,368.9 1 0
github.com/katzenpost/katzenpost/replica/incoming_conn.go:369.24,370.20 1 0
github.com/katzenpost/katzenpost/replica/incoming_conn.go:371.18,372.28 1 0
github.com/katzenpost/katzenpost/replica/incoming_conn.go:372.28,375.4 2 0
github.com/katzenpost/katzenpost/replica/incoming_conn.go:376.3,376.19 1 0
github.com/katzenpost/katzenpost/replica/incoming_conn.go:377.29,379.20 2 0
github.com/katzenpost/katzenpost/replica/incoming_conn.go:380.33,381.10 1 0
github.com/katzenpost/katzenpost/replica/incoming_conn.go:381.10,383.4 1 0
github.com/katzenpost/katzenpost/replica/incoming_conn.go:384.3,384.22 1 0
github.com/katzenpost/katzenpost/replica/incoming_conn.go:388.129,406.2 4 1
github.com/katzenpost/katzenpost/replica/incoming_conn.go:408.70,410.36 1 0
github.com/katzenpost/katzenpost/replica/incoming_conn.go:410.36,412.3 1 0
github.com/katzenpost/katzenpost/replica/incoming_conn.go:415.2,415.58 1 0
github.com/katzenpost/katzenpost/replica/incoming_conn.go:415.58,417.3 1 0
github.com/katzenpost/katzenpost/replica/incoming_conn.go:419.2,422.14 3 0
github.com/katzenpost/katzenpost/replica/incoming_conn.go:426.78,428.16 2 0
github.com/katzenpost/katzenpost/replica/incoming_conn.go:428.16,433.3 3 0
github.com/katzenpost/katzenpost/replica/incoming_conn.go:436.2,436.40 1 0
github.com/katzenpost/katzenpost/replica/incoming_conn.go:436.40,437.28 1 0
github.com/katzenpost/katzenpost/replica/incoming_conn.go:437.28,438.12 1 0
github.com/katzenpost/katzenpost/replica/incoming_conn.go:440.3,440.50 1 0
github.com/katzenpost/katzenpost/replica/incoming_conn.go:440.50,442.4 1 0
github.com/katzenpost/katzenpost/replica/incoming_conn.go:445.2,449.40 4 0
github.com/katzenpost/katzenpost/replica/incoming_conn.go:449.40,450.28 1 0
github.com/katzenpost/katzenpost/replica/incoming_conn.go:450.28,452.18 2 0
github.com/katzenpost/katzenpost/replica/incoming_conn.go:452.18,455.5 1 0
github.com/katzenpost/katzenpost/replica/incoming_conn.go:458.2,458.14 1 0
github.com/katzenpost/katzenpost/replica/incoming_conn.go:462.78,468.16 4 0
github.com/katzenpost/katzenpost/replica/incoming_conn.go:468.16,476.47 5 0
github.com/katzenpost/katzenpost/replica/incoming_conn.go:476.47,479.4 1 0
github.com/katzenpost/katzenpost/replica/incoming_conn.go:480.3,480.15 1 0
github.com/katzenpost/katzenpost/replica/incoming_conn.go:484.2,485.16 2 0
github.com/katzenpost/katzenpost/replica/incoming_conn.go:485.16,486.13 1 0
github.com/katzenpost/katzenpost/replica/incoming_conn.go:488.2,488.44 1 0
github.com/katzenpost/katzenpost/replica/incoming_conn.go:488.44,496.3 5 0
github.com/katzenpost/katzenpost/replica/incoming_conn.go:498.2,498.13 1 0
github.com/katzenpost/katzenpost/replica/incoming_conn.go:502.56,507.16 3 0
github.com/katzenpost/katzenpost/replica/incoming_conn.go:507.16,509.17 2 0
github.com/katzenpost/katzenpost/replica/incoming_conn.go:509.17,511.18 2 0
github.com/katzenpost/katzenpost/replica/incoming_conn.go:511.18,514.5 2 0
github.com/katzenpost/katzenpost/replica/incoming_conn.go:517.2,517.12 1 0
github.com/katzenpost/katzenpost/replica/incoming_conn.go:521.98,523.16 2 0
github.com/katzenpost/katzenpost/replica/incoming_conn.go:523.16,526.3 2 0
github.com/katzenpost/katzenpost/replica/incoming_conn.go:527.2,529.16 3 0
github.com/katzenpost/katzenpost/replica/incoming_conn.go:529.16,532.3 2 0
github.com/katzenpost/katzenpost/replica/incoming_conn.go:533.2,533.36 1 0
github.com/katzenpost/katzenpost/replica/keys.go:36.116,45.16 3 18
github.com/katzenpost/katzenpost/replica/keys.go:45.16,47.3 1 3
github.com/katzenpost/katzenpost/replica/keys.go:47.8,49.17 2 15
github.com/katzenpost/katzenpost/replica/keys.go:49.17,51.4 1 0
github.com/katzenpost/katzenpost/replica/keys.go:60.2,60.15 1 18
github.com/katzenpost/katzenpost/replica/keys.go:60.15,62.92 2 18
github.com/katzenpost/katzenpost/replica/keys.go:62.92,65.4 2 1
github.com/katzenpost/katzenpost/replica/keys.go:68.2,69.15 2 18
github.com/katzenpost/katzenpost/replica/keys.go:76.33,79.15 3 18
github.com/katzenpost/katzenpost/replica/keys.go:79.15,82.3 2 13
github.com/katzenpost/katzenpost/replica/keys.go:84.2,84.6 1 18
github.com/katzenpost/katzenpost/replica/keys.go:84.6,87.10 2 18
github.com/katzenpost/katzenpost/replica/keys.go:88.21,90.10 2 13
github.com/katzenpost/katzenpost/replica/keys.go:91.20,92.23 1 0
github.com/katzenpost/katzenpost/replica/keys.go:95.3,95.39 1 0
github.com/katzenpost/katzenpost/replica/keys.go:95.39,96.11 1 0
github.com/katzenpost/katzenpost/replica/keys.go:97.22,99.11 2 0
github.com/katzenpost/katzenpost/replica/keys.go:100.21,100.21 0 0
github.com/katzenpost/katzenpost/replica/keys.go:104.3,104.19 1 0
github.com/katzenpost/katzenpost/replica/keys.go:104.19,106.16 2 0
github.com/katzenpost/katzenpost/replica/keys.go:106.16,108.5 1 0
github.com/katzenpost/katzenpost/replica/keys.go:111.3,112.36 2 0
github.com/katzenpost/katzenpost/replica/keys.go:116.60,121.16 5 32
github.com/katzenpost/katzenpost/replica/keys.go:121.16,123.3 1 0
github.com/katzenpost/katzenpost/replica/keys.go:124.2,125.12 2 32
github.com/katzenpost/katzenpost/replica/keys.go:128.37,133.35 5 2
github.com/katzenpost/katzenpost/replica/keys.go:133.35,134.20 1 3
github.com/katzenpost/katzenpost/replica/keys.go:134.20,140.4 4 1
github.com/katzenpost/katzenpost/replica/keys.go:142.2,142.17 1 2
github.com/katzenpost/katzenpost/replica/keys.go:145.92,149.9 4 27
github.com/katzenpost/katzenpost/replica/keys.go:149.9,151.3 1 8
github.com/katzenpost/katzenpost/replica/keys.go:152.2,152.21 1 19
github.com/katzenpost/katzenpost/replica/keys.go:162.91,164.33 2 6
github.com/katzenpost/katzenpost/replica/keys.go:164.33,166.3 1 4
github.com/katzenpost/katzenpost/replica/keys.go:168.2,169.16 2 2
github.com/katzenpost/katzenpost/replica/keys.go:169.16,171.17 2 2
github.com/katzenpost/katzenpost/replica/keys.go:171.17,173.4 1 0
github.com/katzenpost/katzenpost/replica/keys.go:174.3,175.17 2 2
github.com/katzenpost/katzenpost/replica/keys.go:175.17,177.4 1 0
github.com/katzenpost/katzenpost/replica/keys.go:179.2,179.21 1 2
github.com/katzenpost/katzenpost/replica/listener.go:46.27,57.2 4 7
github.com/katzenpost/katzenpost/replica/listener.go:59.29,62.15 3 9
github.com/katzenpost/katzenpost/replica/listener.go:62.15,65.3 2 7
github.com/katzenpost/katzenpost/replica/listener.go:66.2,66.6 1 9
github.com/katzenpost/katzenpost/replica/listener.go:66.6,67.10 1 9
github.com/katzenpost/katzenpost/replica/listener.go:68.23,69.10 1 0
github.com/katzenpost/katzenpost/replica/listener.go:70.11,70.11 0 9
github.com/katzenpost/katzenpost/replica/listener.go:72.3,73.17 2 9
github.com/katzenpost/katzenpost/replica/listener.go:73.17,74.54 1 7
github.com/katzenpost/katzenpost/replica/listener.go:74.54,77.5 2 7
github.com/katzenpost/katzenpost/replica/listener.go:78.4,78.12 1 0
github.com/katzenpost/katzenpost/replica/listener.go:81.3,82.9 2 0
github.com/katzenpost/katzenpost/replica/listener.go:82.9,86.4 3 0
github.com/katzenpost/katzenpost/replica/listener.go:88.3,90.20 2 0
github.com/katzenpost/katzenpost/replica/listener.go:96.45,99.23 3 1
github.com/katzenpost/katzenpost/replica/listener.go:99.23,100.44 1 0
github.com/katzenpost/katzenpost/replica/listener.go:102.2,103.22 2 1
github.com/katzenpost/katzenpost/replica/listener.go:103.22,104.54 1 0
github.com/katzenpost/katzenpost/replica/listener.go:106.2,114.15 6 1
github.com/katzenpost/katzenpost/replica/listener.go:117.55,122.2 3 2
github.com/katzenpost/katzenpost/replica/listener.go:124.50,126.15 2 1
github.com/katzenpost/katzenpost/replica/listener.go:126.15,129.3 2 1
github.com/katzenpost/katzenpost/replica/listener.go:130.2,130.21 1 1
github.com/katzenpost/katzenpost/replica/listener.go:135.100,140.51 4 4
github.com/katzenpost/katzenpost/replica/listener.go:140.51,145.42 3 2
github.com/katzenpost/katzenpost/replica/listener.go:145.42,146.12 1 1
github.com/katzenpost/katzenpost/replica/listener.go:149.3,150.17 2 1
github.com/katzenpost/katzenpost/replica/listener.go:150.17,153.4 2 0
github.com/katzenpost/katzenpost/replica/listener.go:154.3,156.32 3 1
github.com/katzenpost/katzenpost/replica/listener.go:158.2,158.25 1 4
github.com/katzenpost/katzenpost/replica/listener.go:161.57,169.20 5 1
github.com/katzenpost/katzenpost/replica/listener.go:169.20,172.3 2 0
github.com/katzenpost/katzenpost/replica/listener.go:174.2,175.16 2 1
github.com/katzenpost/katzenpost/replica/listener.go:175.16,178.3 2 0
github.com/katzenpost/katzenpost/replica/listener.go:180.2,180.51 1 1
github.com/katzenpost/katzenpost/replica/listener.go:180.51,185.55 3 0
github.com/katzenpost/katzenpost/replica/listener.go:185.55,186.12 1 0
github.com/katzenpost/katzenpost/replica/listener.go:190.3,191.17 2 0
github.com/katzenpost/katzenpost/replica/listener.go:191.17,192.12 1 0
github.com/katzenpost/katzenpost/replica/listener.go:195.3,195.54 1 0
github.com/katzenpost/katzenpost/replica/listener.go:195.54,196.12 1 0
github.com/katzenpost/katzenpost/replica/listener.go:198.3,198.38 1 0
github.com/katzenpost/katzenpost/replica/listener.go:198.38,199.12 1 0
github.com/katzenpost/katzenpost/replica/listener.go:201.3,201.13 1 0
github.com/katzenpost/katzenpost/replica/listener.go:204.2,204.12 1 1
github.com/katzenpost/katzenpost/replica/listener.go:208.74,220.16 4 9
github.com/katzenpost/katzenpost/replica/listener.go:220.16,221.19 1 9
github.com/katzenpost/katzenpost/replica/listener.go:222.30,224.18 2 9
github.com/katzenpost/katzenpost/replica/listener.go:224.18,227.5 2 0
github.com/katzenpost/katzenpost/replica/listener.go:228.15,230.18 2 0
github.com/katzenpost/katzenpost/replica/listener.go:230.18,233.5 2 0
github.com/katzenpost/katzenpost/replica/listener.go:237.4,237.48 1 0
github.com/katzenpost/katzenpost/replica/listener.go:238.11,239.77 1 0
github.com/katzenpost/katzenpost/replica/listener.go:243.2,244.15 2 9
github.com/katzenpost/katzenpost/replica/outgoing_conn.go:51.70,52.36 1 5
github.com/katzenpost/katzenpost/replica/outgoing_conn.go:52.36,54.3 1 2
github.com/katzenpost/katzenpost/replica/outgoing_conn.go:55.2,55.31 1 3
github.com/katzenpost/katzenpost/replica/outgoing_conn.go:55.31,57.3 1 1
github.com/katzenpost/katzenpost/replica/outgoing_conn.go:58.2,58.36 1 2
github.com/katzenpost/katzenpost/replica/outgoing_conn.go:58.36,60.3 1 0
github.com/katzenpost/katzenpost/replica/outgoing_conn.go:61.2,62.13 2 2
github.com/katzenpost/katzenpost/replica/outgoing_conn.go:66.79,68.50 2 5
github.com/katzenpost/katzenpost/replica/outgoing_conn.go:68.50,71.3 2 2
github.com/katzenpost/katzenpost/replica/outgoing_conn.go:72.2,72.13 1 3
github.com/katzenpost/katzenpost/replica/outgoing_conn.go:76.74,78.16 2 3
github.com/katzenpost/katzenpost/replica/outgoing_conn.go:78.16,79.13 1 0
github.com/katzenpost/katzenpost/replica/outgoing_conn.go:81.2,81.41 1 3
github.com/katzenpost/katzenpost/replica/outgoing_conn.go:81.41,84.3 2 1
github.com/katzenpost/katzenpost/replica/outgoing_conn.go:85.2,85.13 1 2
github.com/katzenpost/katzenpost/replica/outgoing_conn.go:89.79,93.16 4 2
github.com/katzenpost/katzenpost/replica/outgoing_conn.go:93.16,96.3 2 0
github.com/katzenpost/katzenpost/replica/outgoing_conn.go:97.2,97.13 1 2
github.com/katzenpost/katzenpost/replica/outgoing_conn.go:100.62,101.9 1 0
github.com/katzenpost/katzenpost/replica/outgoing_conn.go:102.19,103.56 1 0
github.com/katzenpost/katzenpost/replica/outgoing_conn.go:104.27,104.27 0 0
github.com/katzenpost/katzenpost/replica/outgoing_conn.go:108.33,112.15 3 0
github.com/katzenpost/katzenpost/replica/outgoing_conn.go:112.15,118.7 4 0
github.com/katzenpost/katzenpost/replica/outgoing_conn.go:118.7,119.11 1 0
github.com/katzenpost/katzenpost/replica/outgoing_conn.go:120.23,122.19 2 0
github.com/katzenpost/katzenpost/replica/outgoing_conn.go:123.12,125.25 1 0
github.com/katzenpost/katzenpost/replica/outgoing_conn.go:125.25,127.6 1 0
github.com/katzenpost/katzenpost/replica/outgoing_conn.go:128.5,128.14 1 0
github.com/katzenpost/katzenpost/replica/outgoing_conn.go:132.3,133.14 2 0
github.com/katzenpost/katzenpost/replica/outgoing_conn.go:136.2,140.6 3 0
github.com/katzenpost/katzenpost/replica/outgoing_conn.go:140.6,141.58 1 0
github.com/katzenpost/katzenpost/replica/outgoing_conn.go:141.58,143.4 1 0
github.com/katzenpost/katzenpost/replica/outgoing_conn.go:145.3,146.25 2 0
github.com/katzenpost/katzenpost/replica/outgoing_conn.go:146.25,149.4 2 0
github.com/katzenpost/katzenpost/replica/outgoing_conn.go:151.3,151.95 1 0
github.com/katzenpost/katzenpost/replica/outgoing_conn.go:151.95,153.4 1 0
github.com/katzenpost/katzenpost/replica/outgoing_conn.go:158.59,160.42 2 0
github.com/katzenpost/katzenpost/replica/outgoing_conn.go:160.42,161.38 1 0
github.com/katzenpost/katzenpost/replica/outgoing_conn.go:161.38,163.4 1 0
github.com/katzenpost/katzenpost/replica/outgoing_conn.go:165.2,165.17 1 0
github.com/katzenpost/katzenpost/replica/outgoing_conn.go:169.166,170.32 1 0
github.com/katzenpost/katzenpost/replica/outgoing_conn.go:170.32,171.10 1 0
github.com/katzenpost/katzenpost/replica/outgoing_conn.go:172.35,179.36 2 0
github.com/katzenpost/katzenpost/replica/outgoing_conn.go:179.36,181.5 1 0
github.com/katzenpost/katzenpost/replica/outgoing_conn.go:182.25,185.15 2 0
github.com/katzenpost/katzenpost/replica/outgoing_conn.go:188.3,188.71 1 0
github.com/katzenpost/katzenpost/replica/outgoing_conn.go:188.71,190.4 1 0
github.com/katzenpost/katzenpost/replica/outgoing_conn.go:192.2,192.14 1 0
github.com/katzenpost/katzenpost/replica/outgoing_conn.go:196.140,199.16 2 0
github.com/katzenpost/katzenpost/replica/outgoing_conn.go:199.16,202.3 2 0
github.com/katzenpost/katzenpost/replica/outgoing_conn.go:203.2,206.9 3 0
github.com/katzenpost/katzenpost/replica/outgoing_conn.go:207.24,209.18 1 0
github.com/katzenpost/katzenpost/replica/outgoing_conn.go:209.18,211.4 1 0
github.com/katzenpost/katzenpost/replica/outgoing_conn.go:212.3,212.14 1 0
github.com/katzenpost/katzenpost/replica/outgoing_conn.go:213.10,214.17 1 0
github.com/katzenpost/katzenpost/replica/outgoing_conn.go:214.17,217.4 2 0
github.com/katzenpost/katzenpost/replica/outgoing_conn.go:219.2,224.47 3 0
github.com/katzenpost/katzenpost/replica/outgoing_conn.go:224.47,228.3 2 0
github.com/katzenpost/katzenpost/replica/outgoing_conn.go:231.2,232.40 2 0
github.com/katzenpost/katzenpost/replica/outgoing_conn.go:232.40,236.3 1 0
github.com/katzenpost/katzenpost/replica/outgoing_conn.go:237.2,237.14 1 0
github.com/katzenpost/katzenpost/replica/outgoing_conn.go:241.119,255.12 3 0
github.com/katzenpost/katzenpost/replica/outgoing_conn.go:255.12,258.10 1 0
github.com/katzenpost/katzenpost/replica/outgoing_conn.go:259.28,260.14 1 0
github.com/katzenpost/katzenpost/replica/outgoing_conn.go:261.25,261.25 0 0
github.com/katzenpost/katzenpost/replica/outgoing_conn.go:265.2,267.16 3 0
github.com/katzenpost/katzenpost/replica/outgoing_conn.go:267.16,268.13 1 0
github.com/katzenpost/katzenpost/replica/outgoing_conn.go:270.2,275.50 2 0
github.com/katzenpost/katzenpost/replica/outgoing_conn.go:279.99,292.15 4 0
github.com/katzenpost/katzenpost/replica/outgoing_conn.go:292.15,295.17 2 0
github.com/katzenpost/katzenpost/replica/outgoing_conn.go:295.17,296.14 1 0
github.com/katzenpost/katzenpost/replica/outgoing_conn.go:298.3,299.14 2 0
github.com/katzenpost/katzenpost/replica/outgoing_conn.go:299.14,301.18 2 0
github.com/katzenpost/katzenpost/replica/outgoing_conn.go:301.18,302.15 1 0
github.com/katzenpost/katzenpost/replica/outgoing_conn.go:304.4,305.15 2 0
github.com/katzenpost/katzenpost/replica/outgoing_conn.go:306.9,309.4 2 0
github.com/katzenpost/katzenpost/replica/outgoing_conn.go:310.8,313.3 2 0
github.com/katzenpost/katzenpost/replica/outgoing_conn.go:316.99,317.15 1 0
github.com/katzenpost/katzenpost/replica/outgoing_conn.go:317.15,320.3 2 0
github.com/katzenpost/katzenpost/replica/outgoing_conn.go:325.2,337.16 6 0
github.com/katzenpost/katzenpost/replica/outgoing_conn.go:337.16,340.3 2 0
github.com/katzenpost/katzenpost/replica/outgoing_conn.go:341.2,347.42 5 0
github.com/katzenpost/katzenpost/replica/outgoing_conn.go:347.42,351.30 3 0
github.com/katzenpost/katzenpost/replica/outgoing_conn.go:351.30,353.4 1 0
github.com/katzenpost/katzenpost/replica/outgoing_conn.go:355.3,356.31 2 0
github.com/katzenpost/katzenpost/replica/outgoing_conn.go:356.31,358.4 1 0
github.com/katzenpost/katzenpost/replica/outgoing_conn.go:360.3,363.51 3 0
github.com/katzenpost/katzenpost/replica/outgoing_conn.go:363.51,365.4 1 0
github.com/katzenpost/katzenpost/replica/outgoing_conn.go:367.3,367.48 1 0
github.com/katzenpost/katzenpost/replica/outgoing_conn.go:367.48,369.4 1 0
github.com/katzenpost/katzenpost/replica/outgoing_conn.go:371.3,383.9 3 0
github.com/katzenpost/katzenpost/replica/outgoing_conn.go:385.2,402.67 8 0
github.com/katzenpost/katzenpost/replica/outgoing_conn.go:402.67,406.3 3 0
github.com/katzenpost/katzenpost/replica/outgoing_conn.go:407.2,415.12 5 0
github.com/katzenpost/katzenpost/replica/outgoing_conn.go:415.12,418.3 2 0
github.com/katzenpost/katzenpost/replica/outgoing_conn.go:421.2,426.6 4 0
github.com/katzenpost/katzenpost/replica/outgoing_conn.go:426.6,427.10 1 0
github.com/katzenpost/katzenpost/replica/outgoing_conn.go:428.18,434.10 6 0
github.com/katzenpost/katzenpost/replica/outgoing_conn.go:435.19,437.18 2 0
github.com/katzenpost/katzenpost/replica/outgoing_conn.go:437.18,444.5 6 0
github.com/katzenpost/katzenpost/replica/outgoing_conn.go:445.4,445.29 1 0
github.com/katzenpost/katzenpost/replica/outgoing_conn.go:445.29,452.5 6 0
github.com/katzenpost/katzenpost/replica/outgoing_conn.go:453.24,459.10 5 0
github.com/katzenpost/katzenpost/replica/outgoing_conn.go:466.115,467.6 1 0
github.com/katzenpost/katzenpost/replica/outgoing_conn.go:467.6,468.10 1 0
github.com/katzenpost/katzenpost/replica/outgoing_conn.go:469.17,471.8 1 0
github.com/katzenpost/katzenpost/replica/outgoing_conn.go:471.8,472.12 1 0
github.com/katzenpost/katzenpost/replica/outgoing_conn.go:473.25,474.27 1 0
github.com/katzenpost/katzenpost/replica/outgoing_conn.go:475.13,476.12 1 0
github.com/katzenpost/katzenpost/replica/outgoing_conn.go:479.23,480.30 1 0
github.com/katzenpost/katzenpost/replica/outgoing_conn.go:480.30,482.5 1 0
github.com/katzenpost/katzenpost/replica/outgoing_conn.go:489.88,491.43 2 0
github.com/katzenpost/katzenpost/replica/outgoing_conn.go:491.43,492.15 1 0
github.com/katzenpost/katzenpost/replica/outgoing_conn.go:492.15,496.4 3 0
github.com/katzenpost/katzenpost/replica/outgoing_conn.go:497.3,497.10 1 0
github.com/katzenpost/katzenpost/replica/outgoing_conn.go:498.36,498.36 0 0
github.com/katzenpost/katzenpost/replica/outgoing_conn.go:499.11,499.11 0 0
github.com/katzenpost/katzenpost/replica/outgoing_conn.go:501.3,501.15 1 0
github.com/katzenpost/katzenpost/replica/outgoing_conn.go:504.2,505.16 2 0
github.com/katzenpost/katzenpost/replica/outgoing_conn.go:505.16,506.15 1 0
github.com/katzenpost/katzenpost/replica/outgoing_conn.go:506.15,510.4 3 0
github.com/katzenpost/katzenpost/replica/outgoing_conn.go:511.3,511.10 1 0
github.com/katzenpost/katzenpost/replica/outgoing_conn.go:512.36,512.36 0 0
github.com/katzenpost/katzenpost/replica/outgoing_conn.go:513.11,513.11 0 0
github.com/katzenpost/katzenpost/replica/outgoing_conn.go:515.3,515.15 1 0
github.com/katzenpost/katzenpost/replica/outgoing_conn.go:518.2,518.40 1 0
github.com/katzenpost/katzenpost/replica/outgoing_conn.go:519.22,520.55 1 0
github.com/katzenpost/katzenpost/replica/outgoing_conn.go:521.28,523.10 2 0
github.com/katzenpost/katzenpost/replica/outgoing_conn.go:524.36,524.36 0 0
github.com/katzenpost/katzenpost/replica/outgoing_conn.go:525.11,525.11 0 0
github.com/katzenpost/katzenpost/replica/outgoing_conn.go:527.3,527.15 1 0
github.com/katzenpost/katzenpost/replica/outgoing_conn.go:528.30,528.30 0 0
github.com/katzenpost/katzenpost/replica/outgoing_conn.go:530.35,531.58 1 0
github.com/katzenpost/katzenpost/replica/outgoing_conn.go:532.27,533.106 1 0
github.com/katzenpost/katzenpost/replica/outgoing_conn.go:534.30,537.53 2 0
github.com/katzenpost/katzenpost/replica/outgoing_conn.go:537.53,540.5 2 0
github.com/katzenpost/katzenpost/replica/outgoing_conn.go:541.29,543.27 1 0
github.com/katzenpost/katzenpost/replica/outgoing_conn.go:545.37,547.42 2 0
github.com/katzenpost/katzenpost/replica/outgoing_conn.go:547.42,550.4 2 0
github.com/katzenpost/katzenpost/replica/outgoing_conn.go:551.3,552.14 2 0
github.com/katzenpost/katzenpost/replica/outgoing_conn.go:552.14,554.4 1 0
github.com/katzenpost/katzenpost/replica/outgoing_conn.go:554.9,556.4 1 0
github.com/katzenpost/katzenpost/replica/outgoing_conn.go:557.10,559.10 2 0
github.com/katzenpost/katzenpost/replica/outgoing_conn.go:560.36,560.36 0 0
github.com/katzenpost/katzenpost/replica/outgoing_conn.go:561.11,561.11 0 0
github.com/katzenpost/katzenpost/replica/outgoing_conn.go:563.3,563.15 1 0
github.com/katzenpost/katzenpost/replica/outgoing_conn.go:565.2,565.13 1 0
github.com/katzenpost/katzenpost/replica/outgoing_conn.go:568.124,587.2 4 2
github.com/katzenpost/katzenpost/replica/outgoing_conn.go:594.99,595.60 1 0
github.com/katzenpost/katzenpost/replica/outgoing_conn.go:595.60,597.3 1 0
github.com/katzenpost/katzenpost/replica/outgoing_conn.go:598.2,599.50 2 0
github.com/katzenpost/katzenpost/replica/outgoing_conn.go:599.50,602.3 2 0
github.com/katzenpost/katzenpost/replica/outgoing_conn.go:603.2,603.63 1 0
github.com/katzenpost/katzenpost/replica/outgoing_conn.go:606.109,608.16 2 0
github.com/katzenpost/katzenpost/replica/outgoing_conn.go:608.16,610.3 1 0
github.com/katzenpost/katzenpost/replica/outgoing_conn.go:611.2,612.16 2 0
github.com/katzenpost/katzenpost/replica/outgoing_conn.go:612.16,615.3 2 0
github.com/katzenpost/katzenpost/replica/outgoing_conn.go:616.2,617.13 2 0
github.com/katzenpost/katzenpost/replica/pki.go:29.78,31.9 2 0
github.com/katzenpost/katzenpost/replica/pki.go:31.9,33.3 1 0
github.com/katzenpost/katzenpost/replica/pki.go:35.2,36.26 2 0
github.com/katzenpost/katzenpost/replica/pki.go:36.26,38.3 1 0
github.com/katzenpost/katzenpost/replica/pki.go:39.2,39.19 1 0
github.com/katzenpost/katzenpost/replica/pki.go:43.50,46.2 2 0
github.com/katzenpost/katzenpost/replica/pki.go:49.64,51.2 1 0
github.com/katzenpost/katzenpost/replica/pki.go:53.30,57.19 3 8
github.com/katzenpost/katzenpost/replica/pki.go:57.19,60.3 2 0
github.com/katzenpost/katzenpost/replica/pki.go:62.2,67.6 4 8
github.com/katzenpost/katzenpost/replica/pki.go:67.6,68.71 1 8
github.com/katzenpost/katzenpost/replica/pki.go:68.71,70.4 1 0
github.com/katzenpost/katzenpost/replica/pki.go:72.3,90.19 4 8
github.com/katzenpost/katzenpost/replica/pki.go:90.19,93.4 2 0
github.com/katzenpost/katzenpost/replica/pki.go:94.3,94.17 1 8
github.com/katzenpost/katzenpost/replica/pki.go:94.17,99.4 1 0
github.com/katzenpost/katzenpost/replica/pki.go:101.3,109.19 3 8
github.com/katzenpost/katzenpost/replica/pki.go:109.19,111.4 1 0
github.com/katzenpost/katzenpost/replica/pki.go:114.3,119.23 3 0
github.com/katzenpost/katzenpost/replica/pki.go:124.99,126.23 2 8
github.com/katzenpost/katzenpost/replica/pki.go:126.23,129.3 2 0
github.com/katzenpost/katzenpost/replica/pki.go:131.2,134.33 3 0
github.com/katzenpost/katzenpost/replica/pki.go:134.33,135.21 1 0
github.com/katzenpost/katzenpost/replica/pki.go:135.21,138.12 3 0
github.com/katzenpost/katzenpost/replica/pki.go:140.3,140.26 1 0
github.com/katzenpost/katzenpost/replica/pki.go:140.26,143.12 3 0
github.com/katzenpost/katzenpost/replica/pki.go:147.3,147.85 1 0
github.com/katzenpost/katzenpost/replica/pki.go:147.85,149.38 2 0
github.com/katzenpost/katzenpost/replica/pki.go:153.3,156.19 4 0
github.com/katzenpost/katzenpost/replica/pki.go:159.2,168.15 2 0
github.com/katzenpost/katzenpost/replica/pki.go:168.15,173.3 1 0
github.com/katzenpost/katzenpost/replica/pki.go:175.2,175.18 1 0
github.com/katzenpost/katzenpost/replica/pki.go:179.59,181.15 2 0
github.com/katzenpost/katzenpost/replica/pki.go:181.15,190.32 2 0
github.com/katzenpost/katzenpost/replica/pki.go:190.32,192.4 1 0
github.com/katzenpost/katzenpost/replica/pki.go:197.72,201.58 1 0
github.com/katzenpost/katzenpost/replica/pki.go:201.58,202.46 1 0
github.com/katzenpost/katzenpost/replica/pki.go:202.46,204.4 1 0
github.com/katzenpost/katzenpost/replica/pki.go:206.2,206.24 1 0
github.com/katzenpost/katzenpost/replica/pki.go:218.52,222.24 3 0
github.com/katzenpost/katzenpost/replica/pki.go:222.24,224.3 1 0
github.com/katzenpost/katzenpost/replica/pki.go:226.2,240.70 2 0
github.com/katzenpost/katzenpost/replica/pki.go:240.70,243.33 3 0
github.com/katzenpost/katzenpost/replica/pki.go:243.33,245.4 1 0
github.com/katzenpost/katzenpost/replica/pki.go:246.3,246.20 1 0
github.com/katzenpost/katzenpost/replica/pki.go:246.20,248.4 1 0
github.com/katzenpost/katzenpost/replica/pki.go:250.3,252.9 3 0
github.com/katzenpost/katzenpost/replica/pki.go:258.2,258.31 1 0
github.com/katzenpost/katzenpost/replica/pki.go:258.31,260.29 2 0
github.com/katzenpost/katzenpost/replica/pki.go:260.29,262.4 1 0
github.com/katzenpost/katzenpost/replica/pki.go:264.3,266.9 3 0
github.com/katzenpost/katzenpost/replica/pki.go:269.2,269.22 1 0
github.com/katzenpost/katzenpost/replica/pki.go:272.77,275.19 1 14
github.com/katzenpost/katzenpost/replica/pki.go:275.19,277.3 1 0
github.com/katzenpost/katzenpost/replica/pki.go:279.2,286.44 3 14
github.com/katzenpost/katzenpost/replica/pki.go:286.44,295.3 2 1
github.com/katzenpost/katzenpost/replica/pki.go:297.2,298.24 2 13
github.com/katzenpost/katzenpost/replica/pki.go:298.24,300.3 1 0
github.com/katzenpost/katzenpost/replica/pki.go:302.2,302.31 1 13
github.com/katzenpost/katzenpost/replica/pki.go:302.31,313.3 2 13
github.com/katzenpost/katzenpost/replica/pki.go:315.2,316.17 2 0
github.com/katzenpost/katzenpost/replica/pki.go:316.17,327.3 2 0
github.com/katzenpost/katzenpost/replica/pki.go:329.2,345.16 5 0
github.com/katzenpost/katzenpost/replica/pki.go:345.16,347.3 1 0
github.com/katzenpost/katzenpost/replica/pki.go:348.2,349.16 2 0
github.com/katzenpost/katzenpost/replica/pki.go:349.16,351.3 1 0
github.com/katzenpost/katzenpost/replica/pki.go:354.2,358.16 4 0
github.com/katzenpost/katzenpost/replica/pki.go:358.16,360.3 1 0
github.com/katzenpost/katzenpost/replica/pki.go:361.2,362.16 2 0
github.com/katzenpost/katzenpost/replica/pki.go:362.16,364.3 1 0
github.com/katzenpost/katzenpost/replica/pki.go:365.2,378.81 4 0
github.com/katzenpost/katzenpost/replica/pki.go:378.81,386.3 2 0
github.com/katzenpost/katzenpost/replica/pki.go:388.2,395.9 3 0
github.com/katzenpost/katzenpost/replica/pki.go:396.18,398.26 2 0
github.com/katzenpost/katzenpost/replica/pki.go:398.26,400.41 2 0
github.com/katzenpost/katzenpost/replica/pki.go:400.41,402.5 1 0
github.com/katzenpost/katzenpost/replica/pki.go:404.4,409.5 1 0
github.com/katzenpost/katzenpost/replica/pki.go:410.9,416.4 1 0
github.com/katzenpost/katzenpost/replica/pki.go:418.3,419.13 2 0
github.com/katzenpost/katzenpost/replica/pki.go:421.48,430.44 2 0
github.com/katzenpost/katzenpost/replica/pki.go:430.44,432.4 1 0
github.com/katzenpost/katzenpost/replica/pki.go:433.3,433.13 1 0
github.com/katzenpost/katzenpost/replica/pki.go:435.10,442.13 2 0
github.com/katzenpost/katzenpost/replica/pkiworker.go:48.76,50.22 2 8
github.com/katzenpost/katzenpost/replica/pkiworker.go:50.22,52.3 1 0
github.com/katzenpost/katzenpost/replica/pkiworker.go:53.2,65.16 3 8
github.com/katzenpost/katzenpost/replica/pkiworker.go:65.16,67.3 1 0
github.com/katzenpost/katzenpost/replica/pkiworker.go:69.2,69.55 1 8
github.com/katzenpost/katzenpost/replica/pkiworker.go:73.119,90.41 5 8
github.com/katzenpost/katzenpost/replica/pkiworker.go:90.41,92.17 2 8
github.com/katzenpost/katzenpost/replica/pkiworker.go:92.17,94.4 1 0
github.com/katzenpost/katzenpost/replica/pkiworker.go:95.3,96.19 2 8
github.com/katzenpost/katzenpost/replica/pkiworker.go:96.19,98.4 1 0
github.com/katzenpost/katzenpost/replica/pkiworker.go:99.3,99.59 1 8
github.com/katzenpost/katzenpost/replica/pkiworker.go:102.2,102.15 1 8
github.com/katzenpost/katzenpost/replica/pkiworker.go:110.29,112.2 1 8
github.com/katzenpost/katzenpost/replica/pkiworker.go:113.72,115.46 2 3
github.com/katzenpost/katzenpost/replica/pkiworker.go:115.46,118.3 2 14
github.com/katzenpost/katzenpost/replica/pkiworker.go:119.2,119.20 1 3
github.com/katzenpost/katzenpost/replica/pkiworker.go:123.62,124.21 1 6
github.com/katzenpost/katzenpost/replica/pkiworker.go:124.21,126.10 2 3
github.com/katzenpost/katzenpost/replica/pkiworker.go:126.10,128.4 1 3
github.com/katzenpost/katzenpost/replica/pkiworker.go:130.2,130.13 1 3
github.com/katzenpost/katzenpost/replica/pkiworker.go:133.59,134.21 1 3
github.com/katzenpost/katzenpost/replica/pkiworker.go:134.21,136.10 2 0
github.com/katzenpost/katzenpost/replica/pkiworker.go:136.10,138.4 1 0
github.com/katzenpost/katzenpost/replica/pkiworker.go:140.2,140.21 1 3
github.com/katzenpost/katzenpost/replica/pkiworker.go:140.21,142.10 2 3
github.com/katzenpost/katzenpost/replica/pkiworker.go:142.10,144.4 1 3
github.com/katzenpost/katzenpost/replica/pkiworker.go:146.2,146.13 1 0
github.com/katzenpost/katzenpost/replica/pkiworker.go:149.55,151.9 2 3
github.com/katzenpost/katzenpost/replica/pkiworker.go:152.45,152.45 0 0
github.com/katzenpost/katzenpost/replica/pkiworker.go:154.49,156.14 1 0
github.com/katzenpost/katzenpost/replica/pkiworker.go:157.49,161.17 3 3
github.com/katzenpost/katzenpost/replica/pkiworker.go:161.17,163.4 1 0
github.com/katzenpost/katzenpost/replica/pkiworker.go:168.72,170.2 1 10
github.com/katzenpost/katzenpost/replica/pkiworker.go:173.66,175.2 1 18
github.com/katzenpost/katzenpost/replica/pkiworker.go:180.43,181.19 1 0
github.com/katzenpost/katzenpost/replica/pkiworker.go:181.19,183.3 1 0
github.com/katzenpost/katzenpost/replica/pkiworker.go:185.2,195.16 6 0
github.com/katzenpost/katzenpost/replica/pkiworker.go:195.16,198.3 2 0
github.com/katzenpost/katzenpost/replica/pkiworker.go:201.2,201.75 1 0
github.com/katzenpost/katzenpost/replica/pkiworker.go:201.75,203.3 1 0
github.com/katzenpost/katzenpost/replica/pkiworker.go:206.2,214.12 5 0
github.com/katzenpost/katzenpost/replica/pkiworker.go:219.50,222.2 2 8
github.com/katzenpost/katzenpost/replica/proxy_request_manager.go:41.101,44.25 2 8
github.com/katzenpost/katzenpost/replica/proxy_request_manager.go:44.25,46.3 1 0
github.com/katzenpost/katzenpost/replica/proxy_request_manager.go:48.2,60.10 4 8
github.com/katzenpost/katzenpost/replica/proxy_request_manager.go:64.216,81.2 6 0
github.com/katzenpost/katzenpost/replica/proxy_request_manager.go:84.85,85.31 1 0
github.com/katzenpost/katzenpost/replica/proxy_request_manager.go:85.31,88.3 2 0
github.com/katzenpost/katzenpost/replica/proxy_request_manager.go:90.2,94.13 4 0
github.com/katzenpost/katzenpost/replica/proxy_request_manager.go:94.13,97.3 2 0
github.com/katzenpost/katzenpost/replica/proxy_request_manager.go:99.2,102.9 2 0
github.com/katzenpost/katzenpost/replica/proxy_request_manager.go:103.35,104.131 1 0
github.com/katzenpost/katzenpost/replica/proxy_request_manager.go:105.22,107.15 2 0
github.com/katzenpost/katzenpost/replica/proxy_request_manager.go:111.2,113.13 3 0
github.com/katzenpost/katzenpost/replica/proxy_request_manager.go:117.49,124.6 4 8
github.com/katzenpost/katzenpost/replica/proxy_request_manager.go:124.6,125.10 1 8
github.com/katzenpost/katzenpost/replica/proxy_request_manager.go:126.23,128.10 2 6
github.com/katzenpost/katzenpost/replica/proxy_request_manager.go:129.19,130.46 1 0
github.com/katzenpost/katzenpost/replica/proxy_request_manager.go:136.42,149.47 6 6
github.com/katzenpost/katzenpost/replica/proxy_request_manager.go:149.47,153.3 3 0
github.com/katzenpost/katzenpost/replica/proxy_request_manager.go:157.77,162.47 4 0
github.com/katzenpost/katzenpost/replica/proxy_request_manager.go:162.47,163.43 1 0
github.com/katzenpost/katzenpost/replica/proxy_request_manager.go:163.43,167.4 3 0
github.com/katzenpost/katzenpost/replica/replication_reply.go:36.66,37.14 1 13
github.com/katzenpost/katzenpost/replica/replication_reply.go:39.43,40.28 1 2
github.com/katzenpost/katzenpost/replica/replication_reply.go:42.40,43.31 1 2
github.com/katzenpost/katzenpost/replica/replication_reply.go:44.10,45.30 1 9
github.com/katzenpost/katzenpost/replica/sender.go:32.52,33.27 1 0
github.com/katzenpost/katzenpost/replica/sender.go:33.27,35.3 1 0
github.com/katzenpost/katzenpost/replica/sender.go:36.2,36.32 1 0
github.com/katzenpost/katzenpost/replica/sender.go:36.32,38.3 1 0
github.com/katzenpost/katzenpost/replica/sender.go:39.2,39.34 1 0
github.com/katzenpost/katzenpost/replica/sender.go:39.34,41.3 1 0
github.com/katzenpost/katzenpost/replica/sender.go:42.2,42.12 1 0
github.com/katzenpost/katzenpost/replica/sender.go:73.117,79.49 2 1
github.com/katzenpost/katzenpost/replica/sender.go:79.49,83.10 2 0
github.com/katzenpost/katzenpost/replica/sender.go:84.21,84.21 0 0
github.com/katzenpost/katzenpost/replica/sender.go:85.24,86.10 1 0
github.com/katzenpost/katzenpost/replica/sender.go:88.3,89.30 2 0
github.com/katzenpost/katzenpost/replica/sender.go:89.30,91.4 1 0
github.com/katzenpost/katzenpost/replica/sender.go:91.9,93.4 1 0
github.com/katzenpost/katzenpost/replica/sender.go:95.2,96.10 2 1
github.com/katzenpost/katzenpost/replica/sender.go:101.61,109.16 2 0
github.com/katzenpost/katzenpost/replica/sender.go:109.16,112.3 2 0
github.com/katzenpost/katzenpost/replica/sender.go:113.2,115.56 3 0
github.com/katzenpost/katzenpost/replica/sender.go:120.38,120.53 1 1
github.com/katzenpost/katzenpost/replica/sender.go:123.41,123.62 1 0
github.com/katzenpost/katzenpost/replica/sender.go:144.180,156.2 3 0
github.com/katzenpost/katzenpost/replica/sender.go:158.33,161.2 2 0
github.com/katzenpost/katzenpost/replica/sender.go:163.35,165.6 2 0
github.com/katzenpost/katzenpost/replica/sender.go:165.6,166.10 1 0
github.com/katzenpost/katzenpost/replica/sender.go:167.21,168.10 1 0
github.com/katzenpost/katzenpost/replica/sender.go:169.37,171.11 2 0
github.com/katzenpost/katzenpost/replica/sender.go:172.25,173.38 1 0
github.com/katzenpost/katzenpost/replica/sender.go:174.22,175.11 1 0
github.com/katzenpost/katzenpost/replica/sender.go:176.12,177.24 1 0
github.com/katzenpost/katzenpost/replica/sender.go:177.24,179.14 2 0
github.com/katzenpost/katzenpost/replica/sender.go:181.5,184.36 2 0
github.com/katzenpost/katzenpost/replica/sender.go:186.4,187.21 2 0
github.com/katzenpost/katzenpost/replica/sender.go:187.21,188.12 1 0
github.com/katzenpost/katzenpost/replica/sender.go:189.26,189.26 0 0
github.com/katzenpost/katzenpost/replica/sender.go:190.23,191.12 1 0
github.com/katzenpost/katzenpost/replica/sender.go:198.67,200.2 1 0
github.com/katzenpost/katzenpost/replica/sender.go:202.66,203.15 1 0
github.com/katzenpost/katzenpost/replica/sender.go:203.15,205.3 1 0
github.com/katzenpost/katzenpost/replica/sender.go:206.2,207.12 2 0
github.com/katzenpost/katzenpost/replica/server.go:91.38,97.40 3 18
github.com/katzenpost/katzenpost/replica/server.go:97.40,99.26 1 14
github.com/katzenpost/katzenpost/replica/server.go:99.26,101.4 1 0
github.com/katzenpost/katzenpost/replica/server.go:102.3,102.45 1 14
github.com/katzenpost/katzenpost/replica/server.go:102.45,104.4 1 0
github.com/katzenpost/katzenpost/replica/server.go:105.8,106.18 1 4
github.com/katzenpost/katzenpost/replica/server.go:106.18,108.4 1 0
github.com/katzenpost/katzenpost/replica/server.go:109.3,109.27 1 4
github.com/katzenpost/katzenpost/replica/server.go:109.27,111.4 1 1
github.com/katzenpost/katzenpost/replica/server.go:114.2,114.12 1 17
github.com/katzenpost/katzenpost/replica/server.go:117.44,119.2 1 53
github.com/katzenpost/katzenpost/replica/server.go:122.54,124.2 1 0
github.com/katzenpost/katzenpost/replica/server.go:126.38,128.56 2 28
github.com/katzenpost/katzenpost/replica/server.go:128.56,129.25 1 0
github.com/katzenpost/katzenpost/replica/server.go:129.25,131.4 1 0
github.com/katzenpost/katzenpost/replica/server.go:134.2,136.16 3 28
github.com/katzenpost/katzenpost/replica/server.go:136.16,141.3 4 28
github.com/katzenpost/katzenpost/replica/server.go:142.2,142.12 1 28
github.com/katzenpost/katzenpost/replica/server.go:146.29,147.23 1 6
github.com/katzenpost/katzenpost/replica/server.go:147.23,147.35 1 6
github.com/katzenpost/katzenpost/replica/server.go:151.25,153.2 1 0
github.com/katzenpost/katzenpost/replica/server.go:155.25,159.39 2 6
github.com/katzenpost/katzenpost/replica/server.go:159.39,161.3 1 6
github.com/katzenpost/katzenpost/replica/server.go:164.2,164.24 1 6
github.com/katzenpost/katzenpost/replica/server.go:164.24,166.3 1 6
github.com/katzenpost/katzenpost/replica/server.go:168.2,168.27 1 6
github.com/katzenpost/katzenpost/replica/server.go:168.27,170.3 1 6
github.com/katzenpost/katzenpost/replica/server.go:173.2,173.20 1 6
github.com/katzenpost/katzenpost/replica/server.go:173.20,175.3 1 6
github.com/katzenpost/katzenpost/replica/server.go:178.2,178.27 1 6
github.com/katzenpost/katzenpost/replica/server.go:178.27,180.3 1 6
github.com/katzenpost/katzenpost/replica/server.go:182.2,184.19 3 6
github.com/katzenpost/katzenpost/replica/server.go:189.30,191.16 2 0
github.com/katzenpost/katzenpost/replica/server.go:191.16,193.3 1 0
github.com/katzenpost/katzenpost/replica/server.go:198.47,200.2 1 8
github.com/katzenpost/katzenpost/replica/server.go:204.87,206.2 1 8
github.com/katzenpost/katzenpost/replica/server.go:209.93,214.40 3 8
github.com/katzenpost/katzenpost/replica/server.go:214.40,216.3 1 0
github.com/katzenpost/katzenpost/replica/server.go:217.2,217.40 1 8
github.com/katzenpost/katzenpost/replica/server.go:217.40,219.3 1 0
github.com/katzenpost/katzenpost/replica/server.go:221.2,226.49 3 8
github.com/katzenpost/katzenpost/replica/server.go:226.49,228.3 1 0
github.com/katzenpost/katzenpost/replica/server.go:229.2,236.36 6 8
github.com/katzenpost/katzenpost/replica/server.go:236.36,238.3 1 8
github.com/katzenpost/katzenpost/replica/server.go:241.2,241.45 1 8
github.com/katzenpost/katzenpost/replica/server.go:241.45,243.3 1 0
github.com/katzenpost/katzenpost/replica/server.go:244.2,244.41 1 8
github.com/katzenpost/katzenpost/replica/server.go:244.41,246.3 1 0
github.com/katzenpost/katzenpost/replica/server.go:247.2,247.45 1 8
github.com/katzenpost/katzenpost/replica/server.go:247.45,249.3 1 0
github.com/katzenpost/katzenpost/replica/server.go:252.2,259.24 5 8
github.com/katzenpost/katzenpost/replica/server.go:259.24,261.3 1 0
github.com/katzenpost/katzenpost/replica/server.go:264.2,265.15 2 8
github.com/katzenpost/katzenpost/replica/server.go:265.15,266.12 1 8
github.com/katzenpost/katzenpost/replica/server.go:266.12,268.4 1 0
github.com/katzenpost/katzenpost/replica/server.go:271.2,271.51 1 8
github.com/katzenpost/katzenpost/replica/server.go:271.51,273.3 1 0
github.com/katzenpost/katzenpost/replica/server.go:275.2,275.30 1 8
github.com/katzenpost/katzenpost/replica/server.go:275.30,277.3 1 0
github.com/katzenpost/katzenpost/replica/server.go:277.8,279.3 1 8
github.com/katzenpost/katzenpost/replica/server.go:280.2,285.41 3 8
github.com/katzenpost/katzenpost/replica/server.go:285.41,287.3 1 0
github.com/katzenpost/katzenpost/replica/server.go:287.8,289.3 1 8
github.com/katzenpost/katzenpost/replica/server.go:291.2,291.15 1 8
github.com/katzenpost/katzenpost/replica/server.go:300.42,302.16 2 2
github.com/katzenpost/katzenpost/replica/server.go:302.16,305.3 2 0
github.com/katzenpost/katzenpost/replica/server.go:306.2,308.9 3 2
github.com/katzenpost/katzenpost/replica/server.go:309.18,310.97 1 0
github.com/katzenpost/katzenpost/replica/server.go:311.11,312.85 1 0
github.com/katzenpost/katzenpost/replica/server.go:313.28,315.9 2 1
github.com/katzenpost/katzenpost/replica/server.go:316.10,317.104 1 1
github.com/katzenpost/katzenpost/replica/server.go:319.2,319.53 1 1
github.com/katzenpost/katzenpost/replica/server.go:319.53,321.3 1 0
github.com/katzenpost/katzenpost/replica/server.go:325.43,331.31 5 14
github.com/katzenpost/katzenpost/replica/server.go:331.31,333.3 1 0
github.com/katzenpost/katzenpost/replica/server.go:335.2,337.16 3 14
github.com/katzenpost/katzenpost/replica/server.go:337.16,339.3 1 0
github.com/katzenpost/katzenpost/replica/server.go:341.2,341.69 1 14
github.com/katzenpost/katzenpost/replica/server.go:341.69,344.17 3 1
github.com/katzenpost/katzenpost/replica/server.go:344.17,346.4 1 0
github.com/katzenpost/katzenpost/replica/server.go:347.3,348.17 2 1
github.com/katzenpost/katzenpost/replica/server.go:348.17,350.4 1 0
github.com/katzenpost/katzenpost/replica/server.go:351.8,351.79 1 13
github.com/katzenpost/katzenpost/replica/server.go:351.79,354.17 3 13
github.com/katzenpost/katzenpost/replica/server.go:354.17,356.4 1 0
github.com/katzenpost/katzenpost/replica/server.go:357.3,358.17 2 13
github.com/katzenpost/katzenpost/replica/server.go:358.17,360.4 1 0
github.com/katzenpost/katzenpost/replica/server.go:361.8,363.3 1 0
github.com/katzenpost/katzenpost/replica/server.go:365.2,368.12 3 14
github.com/katzenpost/katzenpost/replica/server.go:372.39,375.19 3 14
github.com/katzenpost/katzenpost/replica/server.go:375.19,377.3 1 0
github.com/katzenpost/katzenpost/replica/server.go:378.2,382.16 4 14
github.com/katzenpost/katzenpost/replica/server.go:382.16,384.3 1 0
github.com/katzenpost/katzenpost/replica/server.go:386.2,386.61 1 14
github.com/katzenpost/katzenpost/replica/server.go:386.61,389.17 3 1
github.com/katzenpost/katzenpost/replica/server.go:389.17,391.4 1 0
github.com/katzenpost/katzenpost/replica/server.go:392.3,393.17 2 1
github.com/katzenpost/katzenpost/replica/server.go:393.17,395.4 1 0
github.com/katzenpost/katzenpost/replica/server.go:396.8,396.71 1 13
github.com/katzenpost/katzenpost/replica/server.go:396.71,399.17 3 13
github.com/katzenpost/katzenpost/replica/server.go:399.17,401.4 1 0
github.com/katzenpost/katzenpost/replica/server.go:402.3,403.17 2 13
github.com/katzenpost/katzenpost/replica/server.go:403.17,405.4 1 0
github.com/katzenpost/katzenpost/replica/server.go:406.8,407.53 1 0
github.com/katzenpost/katzenpost/replica/server.go:410.2,411.12 2 14
github.com/katzenpost/katzenpost/replica/server.go:415.43,422.16 7 14
github.com/katzenpost/katzenpost/replica/server.go:422.16,423.13 1 0
github.com/katzenpost/katzenpost/replica/server.go:425.2,425.12 1 14
github.com/katzenpost/katzenpost/replica/server.go:429.71,431.12 1 8
github.com/katzenpost/katzenpost/replica/server.go:431.12,433.10 2 8
github.com/katzenpost/katzenpost/replica/server.go:433.10,435.4 1 6
github.com/katzenpost/katzenpost/replica/server.go:436.3,437.15 2 0
github.com/katzenpost/katzenpost/replica/server.go:440.2,441.34 2 8
github.com/katzenpost/katzenpost/replica/server.go:441.34,444.3 2 0
github.com/katzenpost/katzenpost/replica/server.go:444.8,446.3 1 8
github.com/katzenpost/katzenpost/replica/server.go:449.2,452.22 4 8
github.com/katzenpost/katzenpost/replica/server.go:452.22,455.3 1 0
github.com/katzenpost/katzenpost/replica/server.go:455.8,458.3 1 8
github.com/katzenpost/katzenpost/replica/server.go:459.2,459.16 1 8
github.com/katzenpost/katzenpost/replica/server.go:459.16,460.13 1 0
github.com/katzenpost/katzenpost/replica/server.go:465.2,471.33 5 8
github.com/katzenpost/katzenpost/replica/server.go:471.33,473.17 2 8
github.com/katzenpost/katzenpost/replica/server.go:473.17,476.4 2 0
github.com/katzenpost/katzenpost/replica/server.go:477.3,477.39 1 8
github.com/katzenpost/katzenpost/replica/server.go:481.2,484.12 3 8
github.com/katzenpost/katzenpost/replica/server.go:489.40,490.24 1 0
github.com/katzenpost/katzenpost/replica/server.go:490.24,492.3 1 0
github.com/katzenpost/katzenpost/replica/server.go:493.2,493.38 1 0
github.com/katzenpost/katzenpost/replica/server.go:497.41,498.24 1 0
github.com/katzenpost/katzenpost/replica/server.go:498.24,500.3 1 0
github.com/katzenpost/katzenpost/replica/state.go:50.39,54.2 3 59
github.com/katzenpost/katzenpost/replica/state.go:56.48,61.2 4 132
github.com/katzenpost/katzenpost/replica/state.go:66.42,67.18 1 94
github.com/katzenpost/katzenpost/replica/state.go:67.18,69.3 1 1
github.com/katzenpost/katzenpost/replica/state.go:70.2,70.39 1 93
github.com/katzenpost/katzenpost/replica/state.go:73.35,76.2 2 106
github.com/katzenpost/katzenpost/replica/state.go:133.58,136.23 3 83
github.com/katzenpost/katzenpost/replica/state.go:136.23,138.3 1 9
github.com/katzenpost/katzenpost/replica/state.go:139.2,140.9 2 83
github.com/katzenpost/katzenpost/replica/state.go:140.9,143.3 2 20
github.com/katzenpost/katzenpost/replica/state.go:144.2,147.11 4 83
github.com/katzenpost/katzenpost/replica/state.go:152.62,157.22 5 83
github.com/katzenpost/katzenpost/replica/state.go:157.22,159.3 1 20
github.com/katzenpost/katzenpost/replica/state.go:160.2,160.20 1 83
github.com/katzenpost/katzenpost/replica/state.go:163.33,164.33 1 15
github.com/katzenpost/katzenpost/replica/state.go:164.33,165.53 1 0
github.com/katzenpost/katzenpost/replica/state.go:167.2,172.11 3 15
github.com/katzenpost/katzenpost/replica/state.go:175.25,178.21 3 24
github.com/katzenpost/katzenpost/replica/state.go:178.21,181.3 2 23
github.com/katzenpost/katzenpost/replica/state.go:182.2,182.17 1 24
github.com/katzenpost/katzenpost/replica/state.go:182.17,185.3 2 23
github.com/katzenpost/katzenpost/replica/state.go:188.33,192.2 3 56
github.com/katzenpost/katzenpost/replica/state.go:195.39,197.2 1 8
github.com/katzenpost/katzenpost/replica/state.go:204.34,208.6 4 8
github.com/katzenpost/katzenpost/replica/state.go:208.6,209.10 1 8
github.com/katzenpost/katzenpost/replica/state.go:210.21,212.10 2 6
github.com/katzenpost/katzenpost/replica/state.go:213.18,213.18 0 0
github.com/katzenpost/katzenpost/replica/state.go:215.3,216.36 2 0
github.com/katzenpost/katzenpost/replica/state.go:222.48,223.17 1 0
github.com/katzenpost/katzenpost/replica/state.go:223.17,225.3 1 0
github.com/katzenpost/katzenpost/replica/state.go:226.2,227.13 2 0
github.com/katzenpost/katzenpost/replica/state.go:227.13,229.3 1 0
github.com/katzenpost/katzenpost/replica/state.go:230.2,231.16 2 0
github.com/katzenpost/katzenpost/replica/state.go:231.16,233.3 1 0
github.com/katzenpost/katzenpost/replica/state.go:234.2,234.16 1 0
github.com/katzenpost/katzenpost/replica/state.go:243.38,248.29 4 8
github.com/katzenpost/katzenpost/replica/state.go:248.29,249.79 1 0
github.com/katzenpost/katzenpost/replica/state.go:249.79,252.4 2 0
github.com/katzenpost/katzenpost/replica/state.go:255.2,255.42 1 8
github.com/katzenpost/katzenpost/replica/state.go:255.42,256.103 1 0
github.com/katzenpost/katzenpost/replica/state.go:256.103,259.4 2 0
github.com/katzenpost/katzenpost/replica/state.go:262.2,263.19 2 8
github.com/katzenpost/katzenpost/replica/state.go:263.19,265.3 1 0
github.com/katzenpost/katzenpost/replica/state.go:265.8,265.26 1 8
github.com/katzenpost/katzenpost/replica/state.go:265.26,267.3 1 0
github.com/katzenpost/katzenpost/replica/state.go:270.26,281.16 6 28
github.com/katzenpost/katzenpost/replica/state.go:281.16,284.3 2 26
github.com/katzenpost/katzenpost/replica/state.go:286.2,287.32 2 28
github.com/katzenpost/katzenpost/replica/state.go:287.32,288.29 1 30
github.com/katzenpost/katzenpost/replica/state.go:288.29,290.9 2 2
github.com/katzenpost/katzenpost/replica/state.go:293.2,294.14 2 28
github.com/katzenpost/katzenpost/replica/state.go:294.14,296.3 1 26
github.com/katzenpost/katzenpost/replica/state.go:298.2,299.25 2 28
github.com/katzenpost/katzenpost/replica/state.go:299.25,301.3 1 56
github.com/katzenpost/katzenpost/replica/state.go:303.2,304.16 2 28
github.com/katzenpost/katzenpost/replica/state.go:304.16,305.13 1 0
github.com/katzenpost/katzenpost/replica/state.go:307.2,308.31 2 28
github.com/katzenpost/katzenpost/replica/state.go:308.31,309.15 1 56
github.com/katzenpost/katzenpost/replica/state.go:310.23,311.25 1 28
github.com/katzenpost/katzenpost/replica/state.go:312.11,313.24 1 28
github.com/katzenpost/katzenpost/replica/state.go:316.2,316.21 1 28
github.com/katzenpost/katzenpost/replica/state.go:316.21,317.67 1 0
github.com/katzenpost/katzenpost/replica/state.go:319.2,319.57 1 28
github.com/katzenpost/katzenpost/replica/state.go:322.102,326.17 2 4
github.com/katzenpost/katzenpost/replica/state.go:326.17,329.3 2 0
github.com/katzenpost/katzenpost/replica/state.go:331.2,337.55 3 4
github.com/katzenpost/katzenpost/replica/state.go:337.55,340.17 3 6
github.com/katzenpost/katzenpost/replica/state.go:340.17,343.4 2 0
github.com/katzenpost/katzenpost/replica/state.go:344.3,344.24 1 6
github.com/katzenpost/katzenpost/replica/state.go:344.24,346.12 2 3
github.com/katzenpost/katzenpost/replica/state.go:348.3,352.17 5 3
github.com/katzenpost/katzenpost/replica/state.go:352.17,355.4 2 0
github.com/katzenpost/katzenpost/replica/state.go:356.3,357.18 2 3
github.com/katzenpost/katzenpost/replica/state.go:359.2,360.30 2 1
github.com/katzenpost/katzenpost/replica/state.go:363.79,367.17 2 82
github.com/katzenpost/katzenpost/replica/state.go:367.17,370.3 2 0
github.com/katzenpost/katzenpost/replica/state.go:378.2,378.26 1 82
github.com/katzenpost/katzenpost/replica/state.go:378.26,381.3 2 0
github.com/katzenpost/katzenpost/replica/state.go:386.2,398.37 6 82
github.com/katzenpost/katzenpost/replica/state.go:398.37,400.17 2 98
github.com/katzenpost/katzenpost/replica/state.go:400.17,403.4 2 0
github.com/katzenpost/katzenpost/replica/state.go:404.3,404.27 1 98
github.com/katzenpost/katzenpost/replica/state.go:404.27,406.12 2 30
github.com/katzenpost/katzenpost/replica/state.go:408.3,412.51 3 68
github.com/katzenpost/katzenpost/replica/state.go:412.51,415.4 2 2
github.com/katzenpost/katzenpost/replica/state.go:416.3,417.29 2 66
github.com/katzenpost/katzenpost/replica/state.go:420.2,429.77 7 14
github.com/katzenpost/katzenpost/replica/state.go:429.77,432.3 2 0
github.com/katzenpost/katzenpost/replica/state.go:433.2,434.12 2 14
github.com/katzenpost/katzenpost/replica/state.go:440.84,444.17 2 1
github.com/katzenpost/katzenpost/replica/state.go:444.17,447.3 2 0
github.com/katzenpost/katzenpost/replica/state.go:452.2,469.77 11 1
github.com/katzenpost/katzenpost/replica/state.go:469.77,472.3 2 0
github.com/katzenpost/katzenpost/replica/state.go:474.2,475.12 2 1
github.com/katzenpost/katzenpost/replica/state.go:478.83,481.16 3 8
github.com/katzenpost/katzenpost/replica/state.go:481.16,484.3 2 0
github.com/katzenpost/katzenpost/replica/state.go:485.2,486.19 2 8
github.com/katzenpost/katzenpost/replica/state.go:486.19,488.80 2 0
github.com/katzenpost/katzenpost/replica/state.go:490.2,505.17 8 8
github.com/katzenpost/katzenpost/replica/state.go:508.81,513.16 3 8
github.com/katzenpost/katzenpost/replica/state.go:513.16,516.3 2 0
github.com/katzenpost/katzenpost/replica/state.go:518.2,518.65 1 8
github.com/katzenpost/katzenpost/replica/state.go:518.65,521.3 2 0
github.com/katzenpost/katzenpost/replica/state.go:523.2,526.16 4 8
github.com/katzenpost/katzenpost/replica/state.go:526.16,529.3 2 1
github.com/katzenpost/katzenpost/replica/state.go:530.2,531.20 2 7
github.com/katzenpost/katzenpost/replica/state.go:543.49,547.17 3 5
github.com/katzenpost/katzenpost/replica/state.go:547.17,550.3 2 0
github.com/katzenpost/katzenpost/replica/state.go:552.2,561.55 6 5
github.com/katzenpost/katzenpost/replica/state.go:561.55,563.46 2 9
github.com/katzenpost/katzenpost/replica/state.go:563.46,566.40 3 10
github.com/katzenpost/katzenpost/replica/state.go:566.40,568.10 2 2
github.com/katzenpost/katzenpost/replica/state.go:570.4,570.36 1 8
github.com/katzenpost/katzenpost/replica/state.go:570.36,573.13 3 0
github.com/katzenpost/katzenpost/replica/state.go:575.4,582.18 7 8
github.com/katzenpost/katzenpost/replica/state.go:582.18,585.5 2 0
github.com/katzenpost/katzenpost/replica/state.go:587.4,588.18 2 8
github.com/katzenpost/katzenpost/replica/state.go:588.18,591.5 2 1
github.com/katzenpost/katzenpost/replica/state.go:592.4,592.39 1 7
github.com/katzenpost/katzenpost/replica/state.go:592.39,595.5 2 11
github.com/katzenpost/katzenpost/replica/state.go:599.2,606.67 2 4
github.com/katzenpost/katzenpost/replica/state.go:606.67,608.61 2 4
github.com/katzenpost/katzenpost/replica/state.go:608.61,610.4 1 0
github.com/katzenpost/katzenpost/replica/state.go:612.2,612.12 1 4
github.com/katzenpost/katzenpost/replica/state_gc.go:25.40,26.17 1 9
github.com/katzenpost/katzenpost/replica/state_gc.go:26.17,28.3 1 0
github.com/katzenpost/katzenpost/replica/state_gc.go:29.2,30.13 2 9
github.com/katzenpost/katzenpost/replica/state_gc.go:30.13,33.3 1 0
github.com/katzenpost/katzenpost/replica/state_gc.go:34.2,45.63 9 9
github.com/katzenpost/katzenpost/replica/state_gc.go:45.63,48.3 2 0
github.com/katzenpost/katzenpost/replica/state_gc.go:49.2,49.12 1 9
github.com/katzenpost/katzenpost/replica/state_gc.go:54.33,56.2 1 8
github.com/katzenpost/katzenpost/replica/state_gc.go:58.28,61.6 3 8
github.com/katzenpost/katzenpost/replica/state_gc.go:61.6,62.10 1 8
github.com/katzenpost/katzenpost/replica/state_gc.go:63.21,65.10 2 6
github.com/katzenpost/katzenpost/replica/state_gc.go:66.18,66.18 0 0
github.com/katzenpost/katzenpost/replica/state_gc.go:68.3,68.44 1 0
github.com/katzenpost/katzenpost/replica/state_gc.go:68.44,70.4 1 0
github.com/katzenpost/katzenpost/replica/state_gc.go:71.3,71.26 1 0
github.com/katzenpost/katzenpost/replica/state_rebalance_marker.go:30.56,31.49 1 14
github.com/katzenpost/katzenpost/replica/state_rebalance_marker.go:31.49,33.3 1 2
github.com/katzenpost/katzenpost/replica/state_rebalance_marker.go:34.2,35.46 2 12
github.com/katzenpost/katzenpost/replica/state_rebalance_marker.go:35.46,37.3 1 41
github.com/katzenpost/katzenpost/replica/state_rebalance_marker.go:38.2,38.41 1 12
github.com/katzenpost/katzenpost/replica/state_rebalance_marker.go:38.41,39.27 1 65
github.com/katzenpost/katzenpost/replica/state_rebalance_marker.go:39.27,40.36 1 66
github.com/katzenpost/katzenpost/replica/state_rebalance_marker.go:40.36,42.5 1 65
github.com/katzenpost/katzenpost/replica/state_rebalance_marker.go:44.3,44.15 1 0
github.com/katzenpost/katzenpost/replica/state_rebalance_marker.go:46.2,47.27 2 12
github.com/katzenpost/katzenpost/replica/state_rebalance_marker.go:47.27,49.3 1 41
github.com/katzenpost/katzenpost/replica/state_rebalance_marker.go:50.2,50.37 1 12
github.com/katzenpost/katzenpost/replica/state_rebalance_marker.go:57.72,59.36 2 6
github.com/katzenpost/katzenpost/replica/state_rebalance_marker.go:59.36,61.3 1 0
github.com/katzenpost/katzenpost/replica/state_rebalance_marker.go:62.2,65.16 4 6
github.com/katzenpost/katzenpost/replica/state_rebalance_marker.go:65.16,67.3 1 0
github.com/katzenpost/katzenpost/replica/state_rebalance_marker.go:68.2,69.23 2 6
github.com/katzenpost/katzenpost/replica/state_rebalance_marker.go:69.23,71.3 1 1
github.com/katzenpost/katzenpost/replica/state_rebalance_marker.go:72.2,72.24 1 5
github.com/katzenpost/katzenpost/replica/state_rebalance_marker.go:72.24,75.3 2 0
github.com/katzenpost/katzenpost/replica/state_rebalance_marker.go:76.2,78.22 3 5
github.com/katzenpost/katzenpost/replica/state_rebalance_marker.go:84.66,85.36 1 7
github.com/katzenpost/katzenpost/replica/state_rebalance_marker.go:85.36,87.3 1 0
github.com/katzenpost/katzenpost/replica/state_rebalance_marker.go:88.2,90.66 3 7
github.com/katzenpost/katzenpost/replica/storage_space_unix.go:13.49,15.50 2 0
github.com/katzenpost/katzenpost/replica/storage_space_unix.go:15.50,17.3 1 0
github.com/katzenpost/katzenpost/replica/storage_space_unix.go:21.2,21.51 1 0
github.com/katzenpost/katzenpost/replica/test_helpers.go:50.36,57.2 1 2
github.com/katzenpost/katzenpost/replica/test_helpers.go:60.44,67.2 1 0
github.com/katzenpost/katzenpost/replica/test_helpers.go:70.61,72.2 1 0
github.com/katzenpost/katzenpost/replica/test_helpers.go:75.92,77.2 1 3
github.com/katzenpost/katzenpost/replica/test_helpers.go:80.60,83.19 3 3
github.com/katzenpost/katzenpost/replica/test_helpers.go:83.19,83.42 1 3
github.com/katzenpost/katzenpost/replica/test_helpers.go:84.2,84.14 1 3
github.com/katzenpost/katzenpost/replica/test_helpers.go:101.69,131.2 13 23
github.com/katzenpost/katzenpost/replica/test_helpers.go:134.146,168.2 2 3
github.com/katzenpost/katzenpost/replica/test_helpers.go:171.106,187.23 4 0
github.com/katzenpost/katzenpost/replica/test_helpers.go:187.23,189.3 1 0
github.com/katzenpost/katzenpost/replica/test_helpers.go:191.2,194.10 3 0
github.com/katzenpost/katzenpost/replica/test_helpers.go:198.96,216.2 6 11
github.com/katzenpost/katzenpost/replica/test_helpers.go:219.126,224.32 3 1
github.com/katzenpost/katzenpost/replica/test_helpers.go:224.32,226.3 1 10
github.com/katzenpost/katzenpost/replica/test_helpers.go:229.2,230.32 2 1
github.com/katzenpost/katzenpost/replica/test_helpers.go:230.32,233.3 2 10
github.com/katzenpost/katzenpost/replica/test_helpers.go:235.2,241.3 1 1
github.com/katzenpost/katzenpost/replica/test_helpers.go:245.79,249.2 3 1
github.com/katzenpost/katzenpost/replica/test_helpers.go:252.77,255.2 2 0
github.com/katzenpost/katzenpost/replica/test_helpers.go:263.49,267.2 1 2
github.com/katzenpost/katzenpost/replica/test_helpers.go:269.42,271.2 1 3
github.com/katzenpost/katzenpost/replica/test_helpers.go:273.55,275.2 1 0
github.com/katzenpost/katzenpost/replica/test_helpers.go:277.59,279.2 0 0
github.com/katzenpost/katzenpost/replica/test_helpers.go:281.33,283.2 0 0
github.com/katzenpost/katzenpost/replica/test_helpers.go:285.40,287.2 0 0
github.com/katzenpost/katzenpost/replica/test_helpers.go:289.74,291.2 0 0
github.com/katzenpost/katzenpost/replica/test_helpers.go:293.82,295.2 0 8
github.com/katzenpost/katzenpost/replica/test_helpers.go:297.79,299.2 0 0
github.com/katzenpost/katzenpost/replica/test_helpers.go:301.47,304.2 1 0
